 (0,0): [01/13/2019 03:26:43.783 午前] Unity incremental compiler server
 (0,0): [01/13/2019 03:26:44.024 午前] watchdog active on pid: 15248
 (0,0): [01/13/2019 04:14:47.580 午前] Assembly-CSharp.dll: no prior compilation found in cache. Caller PID: 15248
 (0,0): [01/13/2019 04:14:47.594 午前] Assembly-CSharp.dll compiling...
 (0,0): [01/13/2019 04:14:50.503 午前] Assembly-CSharp.dll: emitting IL to : F:\UnityProject\WizardDefense\Temp\Assembly-CSharp.dll
 (0,0): [01/13/2019 04:14:50.633 午前] Assembly-CSharp.dll compilation finished in 3039ms  source files re-parsed: 122 metadata reloaded: 227
 (0,0): [01/13/2019 04:14:50.646 午前] Assembly-CSharp.dll: session status updated to IncrementalCompilationStatus.Finished for Caller PID: 15248
 (0,0): [01/13/2019 04:14:51.385 午前] Assembly-CSharp-Editor.dll: no prior compilation found in cache. Caller PID: 15248
 (0,0): [01/13/2019 04:14:51.396 午前] Assembly-CSharp-Editor.dll compiling...
 (0,0): [01/13/2019 04:14:51.442 午前] Assembly-CSharp-Editor.dll: emitting IL to : F:\UnityProject\WizardDefense\Temp\Assembly-CSharp-Editor.dll
 (0,0): [01/13/2019 04:14:51.490 午前] Assembly-CSharp-Editor.dll compilation finished in 94ms  source files re-parsed: 9 metadata reloaded: 20
 (0,0): [01/13/2019 04:14:51.502 午前] Assembly-CSharp-Editor.dll: session status updated to IncrementalCompilationStatus.Finished for Caller PID: 15248
 (0,0): [01/13/2019 04:16:26.292 午前] Assembly-CSharp.dll compiling...
 (0,0): [01/13/2019 04:16:26.674 午前] Assembly-CSharp.dll: emitting IL to : F:\UnityProject\WizardDefense\Temp\Assembly-CSharp.dll
 (0,0): [01/13/2019 04:16:26.825 午前] Assembly-CSharp.dll compilation finished in 533ms  source files re-parsed: 1 metadata reloaded: 0
 (0,0): [01/13/2019 04:16:26.837 午前] Assembly-CSharp.dll: compilation was cached, 1 file(s) were found to have changed. Caller PID: 15248
 (0,0): [01/13/2019 04:16:26.848 午前] Assembly-CSharp.dll: session status updated to IncrementalCompilationStatus.Finished for Caller PID: 15248
 (0,0): [01/13/2019 04:16:27.415 午前] Assembly-CSharp-Editor.dll compiling...
 (0,0): [01/13/2019 04:16:27.454 午前] Assembly-CSharp-Editor.dll: emitting IL to : F:\UnityProject\WizardDefense\Temp\Assembly-CSharp-Editor.dll
 (0,0): [01/13/2019 04:16:27.506 午前] Assembly-CSharp-Editor.dll compilation finished in 90ms  source files re-parsed: 0 metadata reloaded: 1
 (0,0): [01/13/2019 04:16:27.517 午前] Assembly-CSharp-Editor.dll: compilation was cached, 0 file(s) were found to have changed. Caller PID: 15248
 (0,0): [01/13/2019 04:16:27.529 午前] Assembly-CSharp-Editor.dll: session status updated to IncrementalCompilationStatus.Finished for Caller PID: 15248
 (0,0): [01/13/2019 04:17:07.514 午前] Assembly-CSharp.dll compiling...
 (0,0): [01/13/2019 04:17:07.789 午前] Assembly-CSharp.dll: emitting IL to : F:\UnityProject\WizardDefense\Temp\Assembly-CSharp.dll
 (0,0): [01/13/2019 04:17:07.894 午前] Assembly-CSharp.dll compilation finished in 380ms  source files re-parsed: 5 metadata reloaded: 0
 (0,0): [01/13/2019 04:17:07.905 午前] Assembly-CSharp.dll: compilation was cached, 5 file(s) were found to have changed. Caller PID: 15248
 (0,0): [01/13/2019 04:17:07.916 午前] Assembly-CSharp.dll: session status updated to IncrementalCompilationStatus.Finished for Caller PID: 15248
 (0,0): [01/13/2019 04:17:08.559 午前] Assembly-CSharp-Editor.dll compiling...
 (0,0): [01/13/2019 04:17:08.613 午前] Assembly-CSharp-Editor.dll: emitting IL to : F:\UnityProject\WizardDefense\Temp\Assembly-CSharp-Editor.dll
 (0,0): [01/13/2019 04:17:08.662 午前] Assembly-CSharp-Editor.dll compilation finished in 102ms  source files re-parsed: 0 metadata reloaded: 1
 (0,0): [01/13/2019 04:17:08.673 午前] Assembly-CSharp-Editor.dll: compilation was cached, 0 file(s) were found to have changed. Caller PID: 15248
 (0,0): [01/13/2019 04:17:08.684 午前] Assembly-CSharp-Editor.dll: session status updated to IncrementalCompilationStatus.Finished for Caller PID: 15248
 (0,0): [01/13/2019 04:17:13.762 午前] Compiler cache size is now 19.65 MB
 (0,0): [01/13/2019 04:46:45.989 午前] Assembly-CSharp.dll compiling...
 (0,0): [01/13/2019 04:46:46.337 午前] Assembly-CSharp.dll: emitting IL to : F:\UnityProject\WizardDefense\Temp\Assembly-CSharp.dll
 (0,0): [01/13/2019 04:46:46.472 午前] Assembly-CSharp.dll compilation finished in 482ms  source files re-parsed: 6 metadata reloaded: 0
 (0,0): [01/13/2019 04:46:46.484 午前] Assembly-CSharp.dll: compilation was cached, 6 file(s) were found to have changed. Caller PID: 15248
 (0,0): [01/13/2019 04:46:46.495 午前] Assembly-CSharp.dll: session status updated to IncrementalCompilationStatus.Finished for Caller PID: 15248
 (0,0): [01/13/2019 04:46:47.045 午前] Assembly-CSharp-Editor.dll compiling...
 (0,0): [01/13/2019 04:46:47.079 午前] Assembly-CSharp-Editor.dll: emitting IL to : F:\UnityProject\WizardDefense\Temp\Assembly-CSharp-Editor.dll
 (0,0): [01/13/2019 04:46:47.126 午前] Assembly-CSharp-Editor.dll compilation finished in 81ms  source files re-parsed: 0 metadata reloaded: 1
 (0,0): [01/13/2019 04:46:47.138 午前] Assembly-CSharp-Editor.dll: compilation was cached, 0 file(s) were found to have changed. Caller PID: 15248
 (0,0): [01/13/2019 04:46:47.149 午前] Assembly-CSharp-Editor.dll: session status updated to IncrementalCompilationStatus.Finished for Caller PID: 15248
 (0,0): [01/13/2019 04:47:53.477 午前] Assembly-CSharp.dll: no prior compilation found in cache. Caller PID: 15248
 (0,0): [01/13/2019 04:47:53.489 午前] Assembly-CSharp.dll compiling...
 (0,0): [01/13/2019 04:47:53.984 午前] Assembly-CSharp.dll: emitting IL to : F:\UnityProject\WizardDefense\Temp\Assembly-CSharp.dll
 (0,0): [01/13/2019 04:47:54.115 午前] Assembly-CSharp.dll compilation finished in 626ms  source files re-parsed: 155 metadata reloaded: 0
 (0,0): [01/13/2019 04:47:54.127 午前] Assembly-CSharp.dll: session status updated to IncrementalCompilationStatus.Finished for Caller PID: 15248
 (0,0): [01/13/2019 04:47:54.581 午前] Assembly-CSharp-Editor.dll compiling...
 (0,0): [01/13/2019 04:47:54.618 午前] Assembly-CSharp-Editor.dll: emitting IL to : F:\UnityProject\WizardDefense\Temp\Assembly-CSharp-Editor.dll
 (0,0): [01/13/2019 04:47:54.666 午前] Assembly-CSharp-Editor.dll compilation finished in 85ms  source files re-parsed: 0 metadata reloaded: 1
 (0,0): [01/13/2019 04:47:54.678 午前] Assembly-CSharp-Editor.dll: compilation was cached, 0 file(s) were found to have changed. Caller PID: 15248
 (0,0): [01/13/2019 04:47:54.689 午前] Assembly-CSharp-Editor.dll: session status updated to IncrementalCompilationStatus.Finished for Caller PID: 15248
 (0,0): [01/13/2019 04:52:33.135 午前] Compiler cache size is now 19.72 MB
 (0,0): [01/13/2019 04:54:52.246 午前] Assembly-CSharp.dll compiling...
 (0,0): [01/13/2019 04:54:52.705 午前] Assembly-CSharp.dll: emitting IL to : F:\UnityProject\WizardDefense\Temp\Assembly-CSharp.dll
 (0,0): [01/13/2019 04:54:52.855 午前] Assembly-CSharp.dll compilation finished in 609ms  source files re-parsed: 5 metadata reloaded: 0
 (0,0): [01/13/2019 04:54:52.867 午前] Assembly-CSharp.dll: compilation was cached, 5 file(s) were found to have changed. Caller PID: 15248
 (0,0): [01/13/2019 04:54:52.879 午前] Assembly-CSharp.dll: session status updated to IncrementalCompilationStatus.Finished for Caller PID: 15248
 (0,0): [01/13/2019 04:54:53.483 午前] Assembly-CSharp-Editor.dll compiling...
 (0,0): [01/13/2019 04:54:53.522 午前] Assembly-CSharp-Editor.dll: emitting IL to : F:\UnityProject\WizardDefense\Temp\Assembly-CSharp-Editor.dll
 (0,0): [01/13/2019 04:54:53.568 午前] Assembly-CSharp-Editor.dll compilation finished in 85ms  source files re-parsed: 0 metadata reloaded: 1
 (0,0): [01/13/2019 04:54:53.580 午前] Assembly-CSharp-Editor.dll: compilation was cached, 0 file(s) were found to have changed. Caller PID: 15248
 (0,0): [01/13/2019 04:54:53.592 午前] Assembly-CSharp-Editor.dll: session status updated to IncrementalCompilationStatus.Finished for Caller PID: 15248
 (0,0): [01/13/2019 04:58:16.076 午前] Assembly-CSharp.dll compiling...
 (0,0): [01/13/2019 04:58:16.537 午前] Assembly-CSharp.dll: emitting IL to : F:\UnityProject\WizardDefense\Temp\Assembly-CSharp.dll
 (0,0): [01/13/2019 04:58:16.697 午前] Assembly-CSharp.dll compilation finished in 621ms  source files re-parsed: 5 metadata reloaded: 0
 (0,0): [01/13/2019 04:58:16.709 午前] Assembly-CSharp.dll: compilation was cached, 5 file(s) were found to have changed. Caller PID: 15248
 (0,0): [01/13/2019 04:58:16.720 午前] Assembly-CSharp.dll: session status updated to IncrementalCompilationStatus.Finished for Caller PID: 15248
 (0,0): [01/13/2019 04:58:17.385 午前] Assembly-CSharp-Editor.dll compiling...
 (0,0): [01/13/2019 04:58:17.426 午前] Assembly-CSharp-Editor.dll: emitting IL to : F:\UnityProject\WizardDefense\Temp\Assembly-CSharp-Editor.dll
 (0,0): [01/13/2019 04:58:17.482 午前] Assembly-CSharp-Editor.dll compilation finished in 97ms  source files re-parsed: 0 metadata reloaded: 1
 (0,0): [01/13/2019 04:58:17.494 午前] Assembly-CSharp-Editor.dll: compilation was cached, 0 file(s) were found to have changed. Caller PID: 15248
 (0,0): [01/13/2019 04:58:17.505 午前] Assembly-CSharp-Editor.dll: session status updated to IncrementalCompilationStatus.Finished for Caller PID: 15248
 (0,0): [01/13/2019 05:00:20.034 午前] Assembly-CSharp.dll compiling...
 (0,0): [01/13/2019 05:00:20.478 午前] Assembly-CSharp.dll: emitting IL to : F:\UnityProject\WizardDefense\Temp\Assembly-CSharp.dll
 (0,0): [01/13/2019 05:00:20.623 午前] Assembly-CSharp.dll compilation finished in 589ms  source files re-parsed: 5 metadata reloaded: 0
 (0,0): [01/13/2019 05:00:20.635 午前] Assembly-CSharp.dll: compilation was cached, 5 file(s) were found to have changed. Caller PID: 15248
 (0,0): [01/13/2019 05:00:20.646 午前] Assembly-CSharp.dll: session status updated to IncrementalCompilationStatus.Finished for Caller PID: 15248
 (0,0): [01/13/2019 05:00:21.325 午前] Assembly-CSharp-Editor.dll compiling...
 (0,0): [01/13/2019 05:00:21.377 午前] Assembly-CSharp-Editor.dll: emitting IL to : F:\UnityProject\WizardDefense\Temp\Assembly-CSharp-Editor.dll
 (0,0): [01/13/2019 05:00:21.455 午前] Assembly-CSharp-Editor.dll compilation finished in 130ms  source files re-parsed: 0 metadata reloaded: 1
 (0,0): [01/13/2019 05:00:21.467 午前] Assembly-CSharp-Editor.dll: compilation was cached, 0 file(s) were found to have changed. Caller PID: 15248
 (0,0): [01/13/2019 05:00:21.479 午前] Assembly-CSharp-Editor.dll: session status updated to IncrementalCompilationStatus.Finished for Caller PID: 15248
 (0,0): [01/13/2019 05:01:38.683 午前] Assembly-CSharp.dll compiling...
 (0,0): [01/13/2019 05:01:39.091 午前] Assembly-CSharp.dll: emitting IL to : F:\UnityProject\WizardDefense\Temp\Assembly-CSharp.dll
 (0,0): [01/13/2019 05:01:39.231 午前] Assembly-CSharp.dll compilation finished in 547ms  source files re-parsed: 5 metadata reloaded: 0
 (0,0): [01/13/2019 05:01:39.242 午前] Assembly-CSharp.dll: compilation was cached, 5 file(s) were found to have changed. Caller PID: 15248
 (0,0): [01/13/2019 05:01:39.253 午前] Assembly-CSharp.dll: session status updated to IncrementalCompilationStatus.Finished for Caller PID: 15248
 (0,0): [01/13/2019 05:01:39.968 午前] Assembly-CSharp-Editor.dll compiling...
 (0,0): [01/13/2019 05:01:40.017 午前] Assembly-CSharp-Editor.dll: emitting IL to : F:\UnityProject\WizardDefense\Temp\Assembly-CSharp-Editor.dll
 (0,0): [01/13/2019 05:01:40.093 午前] Assembly-CSharp-Editor.dll compilation finished in 124ms  source files re-parsed: 0 metadata reloaded: 1
 (0,0): [01/13/2019 05:01:40.107 午前] Assembly-CSharp-Editor.dll: compilation was cached, 0 file(s) were found to have changed. Caller PID: 15248
 (0,0): [01/13/2019 05:01:40.119 午前] Assembly-CSharp-Editor.dll: session status updated to IncrementalCompilationStatus.Finished for Caller PID: 15248
 (0,0): [01/13/2019 05:02:34.597 午前] Assembly-CSharp.dll compiling...
 (0,0): [01/13/2019 05:02:35.019 午前] Assembly-CSharp.dll: emitting IL to : F:\UnityProject\WizardDefense\Temp\Assembly-CSharp.dll
 (0,0): [01/13/2019 05:02:35.148 午前] Assembly-CSharp.dll compilation finished in 551ms  source files re-parsed: 5 metadata reloaded: 0
 (0,0): [01/13/2019 05:02:35.161 午前] Assembly-CSharp.dll: compilation was cached, 5 file(s) were found to have changed. Caller PID: 15248
 (0,0): [01/13/2019 05:02:35.172 午前] Assembly-CSharp.dll: session status updated to IncrementalCompilationStatus.Finished for Caller PID: 15248
 (0,0): [01/13/2019 05:02:35.813 午前] Assembly-CSharp-Editor.dll compiling...
 (0,0): [01/13/2019 05:02:35.849 午前] Assembly-CSharp-Editor.dll: emitting IL to : F:\UnityProject\WizardDefense\Temp\Assembly-CSharp-Editor.dll
 (0,0): [01/13/2019 05:02:35.904 午前] Assembly-CSharp-Editor.dll compilation finished in 90ms  source files re-parsed: 0 metadata reloaded: 1
 (0,0): [01/13/2019 05:02:35.916 午前] Assembly-CSharp-Editor.dll: compilation was cached, 0 file(s) were found to have changed. Caller PID: 15248
 (0,0): [01/13/2019 05:02:35.927 午前] Assembly-CSharp-Editor.dll: session status updated to IncrementalCompilationStatus.Finished for Caller PID: 15248
 (0,0): [01/13/2019 05:04:44.608 午前] Assembly-CSharp.dll compiling...
 (0,0): [01/13/2019 05:04:44.967 午前] Assembly-CSharp.dll: emitting IL to : F:\UnityProject\WizardDefense\Temp\Assembly-CSharp.dll
 (0,0): [01/13/2019 05:04:45.096 午前] Assembly-CSharp.dll compilation finished in 487ms  source files re-parsed: 6 metadata reloaded: 0
 (0,0): [01/13/2019 05:04:45.108 午前] Assembly-CSharp.dll: compilation was cached, 6 file(s) were found to have changed. Caller PID: 15248
 (0,0): [01/13/2019 05:04:45.119 午前] Assembly-CSharp.dll: session status updated to IncrementalCompilationStatus.Finished for Caller PID: 15248
 (0,0): [01/13/2019 05:04:45.652 午前] Assembly-CSharp-Editor.dll compiling...
 (0,0): [01/13/2019 05:04:45.695 午前] Assembly-CSharp-Editor.dll: emitting IL to : F:\UnityProject\WizardDefense\Temp\Assembly-CSharp-Editor.dll
 (0,0): [01/13/2019 05:04:45.749 午前] Assembly-CSharp-Editor.dll compilation finished in 96ms  source files re-parsed: 0 metadata reloaded: 1
 (0,0): [01/13/2019 05:04:45.761 午前] Assembly-CSharp-Editor.dll: compilation was cached, 0 file(s) were found to have changed. Caller PID: 15248
 (0,0): [01/13/2019 05:04:45.772 午前] Assembly-CSharp-Editor.dll: session status updated to IncrementalCompilationStatus.Finished for Caller PID: 15248
 (0,0): [01/13/2019 05:13:29.807 午前] Assembly-CSharp.dll compiling...
 (0,0): [01/13/2019 05:13:30.174 午前] Assembly-CSharp.dll: emitting IL to : F:\UnityProject\WizardDefense\Temp\Assembly-CSharp.dll
 (0,0): [01/13/2019 05:13:30.296 午前] Assembly-CSharp.dll compilation finished in 489ms  source files re-parsed: 5 metadata reloaded: 0
 (0,0): [01/13/2019 05:13:30.308 午前] Assembly-CSharp.dll: compilation was cached, 5 file(s) were found to have changed. Caller PID: 15248
 (0,0): [01/13/2019 05:13:30.319 午前] Assembly-CSharp.dll: session status updated to IncrementalCompilationStatus.Finished for Caller PID: 15248
 (0,0): [01/13/2019 05:13:30.870 午前] Assembly-CSharp-Editor.dll compiling...
 (0,0): [01/13/2019 05:13:30.914 午前] Assembly-CSharp-Editor.dll: emitting IL to : F:\UnityProject\WizardDefense\Temp\Assembly-CSharp-Editor.dll
 (0,0): [01/13/2019 05:13:30.966 午前] Assembly-CSharp-Editor.dll compilation finished in 96ms  source files re-parsed: 0 metadata reloaded: 1
 (0,0): [01/13/2019 05:13:30.979 午前] Assembly-CSharp-Editor.dll: compilation was cached, 0 file(s) were found to have changed. Caller PID: 15248
 (0,0): [01/13/2019 05:13:30.990 午前] Assembly-CSharp-Editor.dll: session status updated to IncrementalCompilationStatus.Finished for Caller PID: 15248
 (0,0): [01/13/2019 05:21:21.954 午前] Assembly-CSharp.dll compiling...
 (0,0): [01/13/2019 05:21:22.477 午前] Assembly-CSharp.dll: emitting IL to : F:\UnityProject\WizardDefense\Temp\Assembly-CSharp.dll
 (0,0): [01/13/2019 05:21:22.634 午前] Assembly-CSharp.dll compilation finished in 680ms  source files re-parsed: 5 metadata reloaded: 0
 (0,0): [01/13/2019 05:21:22.646 午前] Assembly-CSharp.dll: compilation was cached, 5 file(s) were found to have changed. Caller PID: 15248
 (0,0): [01/13/2019 05:21:22.657 午前] Assembly-CSharp.dll: session status updated to IncrementalCompilationStatus.Finished for Caller PID: 15248
 (0,0): [01/13/2019 05:21:23.111 午前] Assembly-CSharp-Editor.dll compiling...
 (0,0): [01/13/2019 05:21:23.149 午前] Assembly-CSharp-Editor.dll: emitting IL to : F:\UnityProject\WizardDefense\Temp\Assembly-CSharp-Editor.dll
 (0,0): [01/13/2019 05:21:23.219 午前] Assembly-CSharp-Editor.dll compilation finished in 107ms  source files re-parsed: 0 metadata reloaded: 1
 (0,0): [01/13/2019 05:21:23.230 午前] Assembly-CSharp-Editor.dll: compilation was cached, 0 file(s) were found to have changed. Caller PID: 15248
 (0,0): [01/13/2019 05:21:23.241 午前] Assembly-CSharp-Editor.dll: session status updated to IncrementalCompilationStatus.Finished for Caller PID: 15248
 (0,0): [01/13/2019 05:22:53.069 午前] Compiler cache size is now 19.72 MB
 (0,0): [01/13/2019 05:23:12.990 午前] Assembly-CSharp.dll compiling...
 (0,0): [01/13/2019 05:23:13.372 午前] Assembly-CSharp.dll: emitting IL to : F:\UnityProject\WizardDefense\Temp\Assembly-CSharp.dll
 (0,0): [01/13/2019 05:23:13.489 午前] Assembly-CSharp.dll compilation finished in 499ms  source files re-parsed: 6 metadata reloaded: 0
 (0,0): [01/13/2019 05:23:13.501 午前] Assembly-CSharp.dll: compilation was cached, 6 file(s) were found to have changed. Caller PID: 15248
 (0,0): [01/13/2019 05:23:13.513 午前] Assembly-CSharp.dll: session status updated to IncrementalCompilationStatus.Finished for Caller PID: 15248
 (0,0): [01/13/2019 05:23:14.027 午前] Assembly-CSharp-Editor.dll compiling...
 (0,0): [01/13/2019 05:23:14.092 午前] Assembly-CSharp-Editor.dll: emitting IL to : F:\UnityProject\WizardDefense\Temp\Assembly-CSharp-Editor.dll
 (0,0): [01/13/2019 05:23:14.156 午前] Assembly-CSharp-Editor.dll compilation finished in 129ms  source files re-parsed: 0 metadata reloaded: 1
 (0,0): [01/13/2019 05:23:14.169 午前] Assembly-CSharp-Editor.dll: compilation was cached, 0 file(s) were found to have changed. Caller PID: 15248
 (0,0): [01/13/2019 05:23:14.181 午前] Assembly-CSharp-Editor.dll: session status updated to IncrementalCompilationStatus.Finished for Caller PID: 15248
 (0,0): [01/13/2019 05:26:24.210 午前] Assembly-CSharp.dll compiling...
 (0,0): [01/13/2019 05:26:24.580 午前] Assembly-CSharp.dll: emitting IL to : F:\UnityProject\WizardDefense\Temp\Assembly-CSharp.dll
 (0,0): [01/13/2019 05:26:24.702 午前] Assembly-CSharp.dll compilation finished in 492ms  source files re-parsed: 5 metadata reloaded: 0
 (0,0): [01/13/2019 05:26:24.714 午前] Assembly-CSharp.dll: compilation was cached, 5 file(s) were found to have changed. Caller PID: 15248
 (0,0): [01/13/2019 05:26:24.725 午前] Assembly-CSharp.dll: session status updated to IncrementalCompilationStatus.Finished for Caller PID: 15248
 (0,0): [01/13/2019 05:26:25.160 午前] Assembly-CSharp-Editor.dll compiling...
 (0,0): [01/13/2019 05:26:25.202 午前] Assembly-CSharp-Editor.dll: emitting IL to : F:\UnityProject\WizardDefense\Temp\Assembly-CSharp-Editor.dll
 (0,0): [01/13/2019 05:26:25.251 午前] Assembly-CSharp-Editor.dll compilation finished in 91ms  source files re-parsed: 0 metadata reloaded: 1
 (0,0): [01/13/2019 05:26:25.263 午前] Assembly-CSharp-Editor.dll: compilation was cached, 0 file(s) were found to have changed. Caller PID: 15248
 (0,0): [01/13/2019 05:26:25.275 午前] Assembly-CSharp-Editor.dll: session status updated to IncrementalCompilationStatus.Finished for Caller PID: 15248
 (0,0): [01/13/2019 05:27:56.101 午前] Compiler cache size is now 19.72 MB
 (0,0): [01/13/2019 05:30:11.025 午前] Assembly-CSharp.dll compiling...
 (0,0): [01/13/2019 05:30:11.422 午前] Assembly-CSharp.dll: emitting IL to : F:\UnityProject\WizardDefense\Temp\Assembly-CSharp.dll
 (0,0): [01/13/2019 05:30:11.584 午前] Assembly-CSharp.dll compilation finished in 559ms  source files re-parsed: 5 metadata reloaded: 0
 (0,0): [01/13/2019 05:30:11.596 午前] Assembly-CSharp.dll: compilation was cached, 5 file(s) were found to have changed. Caller PID: 15248
 (0,0): [01/13/2019 05:30:11.608 午前] Assembly-CSharp.dll: session status updated to IncrementalCompilationStatus.Finished for Caller PID: 15248
 (0,0): [01/13/2019 05:30:12.128 午前] Assembly-CSharp-Editor.dll compiling...
 (0,0): [01/13/2019 05:30:12.177 午前] Assembly-CSharp-Editor.dll: emitting IL to : F:\UnityProject\WizardDefense\Temp\Assembly-CSharp-Editor.dll
 (0,0): [01/13/2019 05:30:12.229 午前] Assembly-CSharp-Editor.dll compilation finished in 101ms  source files re-parsed: 0 metadata reloaded: 1
 (0,0): [01/13/2019 05:30:12.241 午前] Assembly-CSharp-Editor.dll: compilation was cached, 0 file(s) were found to have changed. Caller PID: 15248
 (0,0): [01/13/2019 05:30:12.253 午前] Assembly-CSharp-Editor.dll: session status updated to IncrementalCompilationStatus.Finished for Caller PID: 15248
 (0,0): [01/13/2019 05:32:59.036 午前] Compiler cache size is now 19.72 MB
 (0,0): [01/13/2019 05:33:07.505 午前] Assembly-CSharp.dll compiling...
 (0,0): [01/13/2019 05:33:07.891 午前] Assembly-CSharp.dll: emitting IL to : F:\UnityProject\WizardDefense\Temp\Assembly-CSharp.dll
 (0,0): [01/13/2019 05:33:08.022 午前] Assembly-CSharp.dll compilation finished in 517ms  source files re-parsed: 5 metadata reloaded: 0
 (0,0): [01/13/2019 05:33:08.035 午前] Assembly-CSharp.dll: compilation was cached, 5 file(s) were found to have changed. Caller PID: 15248
 (0,0): [01/13/2019 05:33:08.046 午前] Assembly-CSharp.dll: session status updated to IncrementalCompilationStatus.Finished for Caller PID: 15248
 (0,0): [01/13/2019 05:33:08.545 午前] Assembly-CSharp-Editor.dll compiling...
 (0,0): [01/13/2019 05:33:08.581 午前] Assembly-CSharp-Editor.dll: emitting IL to : F:\UnityProject\WizardDefense\Temp\Assembly-CSharp-Editor.dll
 (0,0): [01/13/2019 05:33:08.634 午前] Assembly-CSharp-Editor.dll compilation finished in 88ms  source files re-parsed: 0 metadata reloaded: 1
 (0,0): [01/13/2019 05:33:08.646 午前] Assembly-CSharp-Editor.dll: compilation was cached, 0 file(s) were found to have changed. Caller PID: 15248
 (0,0): [01/13/2019 05:33:08.658 午前] Assembly-CSharp-Editor.dll: session status updated to IncrementalCompilationStatus.Finished for Caller PID: 15248
 (0,0): [01/13/2019 05:40:59.890 午前] Assembly-CSharp.dll compiling...
 (0,0): [01/13/2019 05:41:00.309 午前] Assembly-CSharp.dll: emitting IL to : F:\UnityProject\WizardDefense\Temp\Assembly-CSharp.dll
 (0,0): [01/13/2019 05:41:00.429 午前] Assembly-CSharp.dll compilation finished in 538ms  source files re-parsed: 5 metadata reloaded: 0
 (0,0): [01/13/2019 05:41:00.441 午前] Assembly-CSharp.dll: compilation was cached, 5 file(s) were found to have changed. Caller PID: 15248
 (0,0): [01/13/2019 05:41:00.452 午前] Assembly-CSharp.dll: session status updated to IncrementalCompilationStatus.Finished for Caller PID: 15248
 (0,0): [01/13/2019 05:41:01.013 午前] Assembly-CSharp-Editor.dll compiling...
 (0,0): [01/13/2019 05:41:01.085 午前] Assembly-CSharp-Editor.dll: emitting IL to : F:\UnityProject\WizardDefense\Temp\Assembly-CSharp-Editor.dll
 (0,0): [01/13/2019 05:41:01.147 午前] Assembly-CSharp-Editor.dll compilation finished in 133ms  source files re-parsed: 0 metadata reloaded: 1
 (0,0): [01/13/2019 05:41:01.159 午前] Assembly-CSharp-Editor.dll: compilation was cached, 0 file(s) were found to have changed. Caller PID: 15248
 (0,0): [01/13/2019 05:41:01.171 午前] Assembly-CSharp-Editor.dll: session status updated to IncrementalCompilationStatus.Finished for Caller PID: 15248
 (0,0): [01/13/2019 05:41:36.437 午前] Assembly-CSharp.dll: no prior compilation found in cache. Caller PID: 15248
 (0,0): [01/13/2019 05:41:36.449 午前] Assembly-CSharp.dll compiling...
 (0,0): [01/13/2019 05:41:36.915 午前] Assembly-CSharp.dll: emitting IL to : F:\UnityProject\WizardDefense\Temp\Assembly-CSharp.dll
 (0,0): [01/13/2019 05:41:37.047 午前] Assembly-CSharp.dll compilation finished in 598ms  source files re-parsed: 156 metadata reloaded: 0
 (0,0): [01/13/2019 05:41:37.059 午前] Assembly-CSharp.dll: session status updated to IncrementalCompilationStatus.Finished for Caller PID: 15248
 (0,0): [01/13/2019 05:41:38.583 午前] Assembly-CSharp-Editor.dll compiling...
 (0,0): [01/13/2019 05:41:38.638 午前] Assembly-CSharp-Editor.dll: emitting IL to : F:\UnityProject\WizardDefense\Temp\Assembly-CSharp-Editor.dll
 (0,0): [01/13/2019 05:41:38.715 午前] Assembly-CSharp-Editor.dll compilation finished in 131ms  source files re-parsed: 0 metadata reloaded: 1
 (0,0): [01/13/2019 05:41:38.727 午前] Assembly-CSharp-Editor.dll: compilation was cached, 0 file(s) were found to have changed. Caller PID: 15248
 (0,0): [01/13/2019 05:41:38.739 午前] Assembly-CSharp-Editor.dll: session status updated to IncrementalCompilationStatus.Finished for Caller PID: 15248
 (0,0): [01/13/2019 06:38:58.234 午前] Assembly-CSharp.dll compiling...
 (0,0): [01/13/2019 06:38:58.689 午前] Assembly-CSharp.dll: emitting IL to : F:\UnityProject\WizardDefense\Temp\Assembly-CSharp.dll
 (0,0): [01/13/2019 06:38:58.822 午前] Assembly-CSharp.dll compilation finished in 587ms  source files re-parsed: 4 metadata reloaded: 0
 (0,0): [01/13/2019 06:38:58.834 午前] Assembly-CSharp.dll: compilation was cached, 4 file(s) were found to have changed. Caller PID: 15248
 (0,0): [01/13/2019 06:38:58.845 午前] Assembly-CSharp.dll: session status updated to IncrementalCompilationStatus.Finished for Caller PID: 15248
 (0,0): [01/13/2019 06:38:59.479 午前] Assembly-CSharp-Editor.dll compiling...
 (0,0): [01/13/2019 06:38:59.521 午前] Assembly-CSharp-Editor.dll: emitting IL to : F:\UnityProject\WizardDefense\Temp\Assembly-CSharp-Editor.dll
 (0,0): [01/13/2019 06:38:59.572 午前] Assembly-CSharp-Editor.dll compilation finished in 93ms  source files re-parsed: 0 metadata reloaded: 1
 (0,0): [01/13/2019 06:38:59.584 午前] Assembly-CSharp-Editor.dll: compilation was cached, 0 file(s) were found to have changed. Caller PID: 15248
 (0,0): [01/13/2019 06:38:59.596 午前] Assembly-CSharp-Editor.dll: session status updated to IncrementalCompilationStatus.Finished for Caller PID: 15248
 (0,0): [01/13/2019 06:41:40.478 午前] Assembly-CSharp.dll compiling...
 (0,0): [01/13/2019 06:41:40.944 午前] Assembly-CSharp.dll: emitting IL to : F:\UnityProject\WizardDefense\Temp\Assembly-CSharp.dll
 (0,0): [01/13/2019 06:41:41.072 午前] Assembly-CSharp.dll compilation finished in 593ms  source files re-parsed: 7 metadata reloaded: 0
 (0,0): [01/13/2019 06:41:41.084 午前] Assembly-CSharp.dll: compilation was cached, 7 file(s) were found to have changed. Caller PID: 15248
 (0,0): [01/13/2019 06:41:41.095 午前] Assembly-CSharp.dll: session status updated to IncrementalCompilationStatus.Finished for Caller PID: 15248
 (0,0): [01/13/2019 06:41:41.540 午前] Assembly-CSharp-Editor.dll compiling...
 (0,0): [01/13/2019 06:41:41.593 午前] Assembly-CSharp-Editor.dll: emitting IL to : F:\UnityProject\WizardDefense\Temp\Assembly-CSharp-Editor.dll
 (0,0): [01/13/2019 06:41:41.640 午前] Assembly-CSharp-Editor.dll compilation finished in 100ms  source files re-parsed: 0 metadata reloaded: 1
 (0,0): [01/13/2019 06:41:41.652 午前] Assembly-CSharp-Editor.dll: compilation was cached, 0 file(s) were found to have changed. Caller PID: 15248
 (0,0): [01/13/2019 06:41:41.663 午前] Assembly-CSharp-Editor.dll: session status updated to IncrementalCompilationStatus.Finished for Caller PID: 15248
 (0,0): [01/13/2019 06:42:50.796 午前] Assembly-CSharp.dll compiling...
 (0,0): [01/13/2019 06:42:51.228 午前] Assembly-CSharp.dll: emitting IL to : F:\UnityProject\WizardDefense\Temp\Assembly-CSharp.dll
 (0,0): [01/13/2019 06:42:51.383 午前] Assembly-CSharp.dll compilation finished in 587ms  source files re-parsed: 6 metadata reloaded: 0
 (0,0): [01/13/2019 06:42:51.395 午前] Assembly-CSharp.dll: compilation was cached, 6 file(s) were found to have changed. Caller PID: 15248
 (0,0): [01/13/2019 06:42:51.407 午前] Assembly-CSharp.dll: session status updated to IncrementalCompilationStatus.Finished for Caller PID: 15248
 (0,0): [01/13/2019 06:42:52.040 午前] Assembly-CSharp-Editor.dll compiling...
 (0,0): [01/13/2019 06:42:52.074 午前] Assembly-CSharp-Editor.dll: emitting IL to : F:\UnityProject\WizardDefense\Temp\Assembly-CSharp-Editor.dll
 (0,0): [01/13/2019 06:42:52.130 午前] Assembly-CSharp-Editor.dll compilation finished in 90ms  source files re-parsed: 0 metadata reloaded: 1
 (0,0): [01/13/2019 06:42:52.142 午前] Assembly-CSharp-Editor.dll: compilation was cached, 0 file(s) were found to have changed. Caller PID: 15248
 (0,0): [01/13/2019 06:42:52.153 午前] Assembly-CSharp-Editor.dll: session status updated to IncrementalCompilationStatus.Finished for Caller PID: 15248
 (0,0): [01/13/2019 06:43:30.808 午前] Assembly-CSharp.dll compiling...
 (0,0): [01/13/2019 06:43:31.210 午前] Assembly-CSharp.dll: emitting IL to : F:\UnityProject\WizardDefense\Temp\Assembly-CSharp.dll
 (0,0): [01/13/2019 06:43:31.357 午前] Assembly-CSharp.dll compilation finished in 548ms  source files re-parsed: 5 metadata reloaded: 0
 (0,0): [01/13/2019 06:43:31.369 午前] Assembly-CSharp.dll: compilation was cached, 5 file(s) were found to have changed. Caller PID: 15248
 (0,0): [01/13/2019 06:43:31.381 午前] Assembly-CSharp.dll: session status updated to IncrementalCompilationStatus.Finished for Caller PID: 15248
 (0,0): [01/13/2019 06:43:31.856 午前] Assembly-CSharp-Editor.dll compiling...
 (0,0): [01/13/2019 06:43:31.895 午前] Assembly-CSharp-Editor.dll: emitting IL to : F:\UnityProject\WizardDefense\Temp\Assembly-CSharp-Editor.dll
 (0,0): [01/13/2019 06:43:31.949 午前] Assembly-CSharp-Editor.dll compilation finished in 92ms  source files re-parsed: 0 metadata reloaded: 1
 (0,0): [01/13/2019 06:43:31.961 午前] Assembly-CSharp-Editor.dll: compilation was cached, 0 file(s) were found to have changed. Caller PID: 15248
 (0,0): [01/13/2019 06:43:31.972 午前] Assembly-CSharp-Editor.dll: session status updated to IncrementalCompilationStatus.Finished for Caller PID: 15248
 (0,0): [01/13/2019 06:45:24.843 午前] Assembly-CSharp.dll compiling...
 (0,0): [01/13/2019 06:45:25.272 午前] Assembly-CSharp.dll: emitting IL to : F:\UnityProject\WizardDefense\Temp\Assembly-CSharp.dll
 (0,0): [01/13/2019 06:45:25.393 午前] Assembly-CSharp.dll compilation finished in 549ms  source files re-parsed: 5 metadata reloaded: 0
 (0,0): [01/13/2019 06:45:25.404 午前] Assembly-CSharp.dll: compilation was cached, 5 file(s) were found to have changed. Caller PID: 15248
 (0,0): [01/13/2019 06:45:25.415 午前] Assembly-CSharp.dll: session status updated to IncrementalCompilationStatus.Finished for Caller PID: 15248
 (0,0): [01/13/2019 06:45:25.901 午前] Assembly-CSharp-Editor.dll compiling...
 (0,0): [01/13/2019 06:45:25.953 午前] Assembly-CSharp-Editor.dll: emitting IL to : F:\UnityProject\WizardDefense\Temp\Assembly-CSharp-Editor.dll
 (0,0): [01/13/2019 06:45:26.019 午前] Assembly-CSharp-Editor.dll compilation finished in 118ms  source files re-parsed: 0 metadata reloaded: 1
 (0,0): [01/13/2019 06:45:26.033 午前] Assembly-CSharp-Editor.dll: compilation was cached, 0 file(s) were found to have changed. Caller PID: 15248
 (0,0): [01/13/2019 06:45:26.045 午前] Assembly-CSharp-Editor.dll: session status updated to IncrementalCompilationStatus.Finished for Caller PID: 15248
 (0,0): [01/13/2019 06:48:39.996 午前] Compiler cache size is now 19.72 MB
 (0,0): [01/13/2019 06:50:57.388 午前] Assembly-CSharp.dll compiling...
 (0,0): [01/13/2019 06:50:57.833 午前] Assembly-CSharp.dll: emitting IL to : F:\UnityProject\WizardDefense\Temp\Assembly-CSharp.dll
 (0,0): [01/13/2019 06:50:57.996 午前] Assembly-CSharp.dll compilation finished in 608ms  source files re-parsed: 5 metadata reloaded: 0
 (0,0): [01/13/2019 06:50:58.008 午前] Assembly-CSharp.dll: compilation was cached, 5 file(s) were found to have changed. Caller PID: 15248
 (0,0): [01/13/2019 06:50:58.020 午前] Assembly-CSharp.dll: session status updated to IncrementalCompilationStatus.Finished for Caller PID: 15248
 (0,0): [01/13/2019 06:50:58.645 午前] Assembly-CSharp-Editor.dll compiling...
 (0,0): [01/13/2019 06:50:58.683 午前] Assembly-CSharp-Editor.dll: emitting IL to : F:\UnityProject\WizardDefense\Temp\Assembly-CSharp-Editor.dll
 (0,0): [01/13/2019 06:50:58.743 午前] Assembly-CSharp-Editor.dll compilation finished in 98ms  source files re-parsed: 0 metadata reloaded: 1
 (0,0): [01/13/2019 06:50:58.755 午前] Assembly-CSharp-Editor.dll: compilation was cached, 0 file(s) were found to have changed. Caller PID: 15248
 (0,0): [01/13/2019 06:50:58.767 午前] Assembly-CSharp-Editor.dll: session status updated to IncrementalCompilationStatus.Finished for Caller PID: 15248
 (0,0): [01/13/2019 06:51:33.622 午前] Assembly-CSharp.dll compiling...
 (0,0): [01/13/2019 06:51:34.056 午前] Assembly-CSharp.dll: emitting IL to : F:\UnityProject\WizardDefense\Temp\Assembly-CSharp.dll
 (0,0): [01/13/2019 06:51:34.205 午前] Assembly-CSharp.dll compilation finished in 583ms  source files re-parsed: 5 metadata reloaded: 0
 (0,0): [01/13/2019 06:51:34.217 午前] Assembly-CSharp.dll: compilation was cached, 5 file(s) were found to have changed. Caller PID: 15248
 (0,0): [01/13/2019 06:51:34.229 午前] Assembly-CSharp.dll: session status updated to IncrementalCompilationStatus.Finished for Caller PID: 15248
 (0,0): [01/13/2019 06:51:34.841 午前] Assembly-CSharp-Editor.dll compiling...
 (0,0): [01/13/2019 06:51:34.878 午前] Assembly-CSharp-Editor.dll: emitting IL to : F:\UnityProject\WizardDefense\Temp\Assembly-CSharp-Editor.dll
 (0,0): [01/13/2019 06:51:34.929 午前] Assembly-CSharp-Editor.dll compilation finished in 87ms  source files re-parsed: 0 metadata reloaded: 1
 (0,0): [01/13/2019 06:51:34.941 午前] Assembly-CSharp-Editor.dll: compilation was cached, 0 file(s) were found to have changed. Caller PID: 15248
 (0,0): [01/13/2019 06:51:34.953 午前] Assembly-CSharp-Editor.dll: session status updated to IncrementalCompilationStatus.Finished for Caller PID: 15248
 (0,0): [01/13/2019 06:55:30.481 午前] Assembly-CSharp.dll compiling...
 (0,0): [01/13/2019 06:55:30.667 午前] Assembly-CSharp.dll: emitting IL to : F:\UnityProject\WizardDefense\Temp\Assembly-CSharp.dll
 (0,0): [01/13/2019 06:55:30.680 午前] Assembly-CSharp.dll compilation finished in 198ms  source files re-parsed: 7 metadata reloaded: 0
 (0,0): [01/13/2019 06:55:30.692 午前] Assembly-CSharp.dll: compilation was cached, 7 file(s) were found to have changed. Caller PID: 15248
 (0,0): [01/13/2019 06:55:30.703 午前] Assembly-CSharp.dll: session status updated to IncrementalCompilationStatus.Finished for Caller PID: 15248
 (0,0): [01/13/2019 06:55:38.610 午前] Assembly-CSharp.dll compiling...
 (0,0): [01/13/2019 06:55:38.952 午前] Assembly-CSharp.dll: emitting IL to : F:\UnityProject\WizardDefense\Temp\Assembly-CSharp.dll
 (0,0): [01/13/2019 06:55:39.075 午前] Assembly-CSharp.dll compilation finished in 465ms  source files re-parsed: 1 metadata reloaded: 0
 (0,0): [01/13/2019 06:55:39.087 午前] Assembly-CSharp.dll: compilation was cached, 1 file(s) were found to have changed. Caller PID: 15248
 (0,0): [01/13/2019 06:55:39.098 午前] Assembly-CSharp.dll: session status updated to IncrementalCompilationStatus.Finished for Caller PID: 15248
 (0,0): [01/13/2019 06:55:39.760 午前] Assembly-CSharp-Editor.dll compiling...
 (0,0): [01/13/2019 06:55:39.797 午前] Assembly-CSharp-Editor.dll: emitting IL to : F:\UnityProject\WizardDefense\Temp\Assembly-CSharp-Editor.dll
 (0,0): [01/13/2019 06:55:39.850 午前] Assembly-CSharp-Editor.dll compilation finished in 90ms  source files re-parsed: 0 metadata reloaded: 1
 (0,0): [01/13/2019 06:55:39.862 午前] Assembly-CSharp-Editor.dll: compilation was cached, 0 file(s) were found to have changed. Caller PID: 15248
 (0,0): [01/13/2019 06:55:39.874 午前] Assembly-CSharp-Editor.dll: session status updated to IncrementalCompilationStatus.Finished for Caller PID: 15248
 (0,0): [01/13/2019 06:56:13.878 午前] Assembly-CSharp.dll compiling...
 (0,0): [01/13/2019 06:56:14.258 午前] Assembly-CSharp.dll: emitting IL to : F:\UnityProject\WizardDefense\Temp\Assembly-CSharp.dll
 (0,0): [01/13/2019 06:56:14.376 午前] Assembly-CSharp.dll compilation finished in 497ms  source files re-parsed: 6 metadata reloaded: 0
 (0,0): [01/13/2019 06:56:14.387 午前] Assembly-CSharp.dll: compilation was cached, 6 file(s) were found to have changed. Caller PID: 15248
 (0,0): [01/13/2019 06:56:14.398 午前] Assembly-CSharp.dll: session status updated to IncrementalCompilationStatus.Finished for Caller PID: 15248
 (0,0): [01/13/2019 06:56:14.935 午前] Assembly-CSharp-Editor.dll compiling...
 (0,0): [01/13/2019 06:56:14.971 午前] Assembly-CSharp-Editor.dll: emitting IL to : F:\UnityProject\WizardDefense\Temp\Assembly-CSharp-Editor.dll
 (0,0): [01/13/2019 06:56:15.020 午前] Assembly-CSharp-Editor.dll compilation finished in 85ms  source files re-parsed: 0 metadata reloaded: 1
 (0,0): [01/13/2019 06:56:15.032 午前] Assembly-CSharp-Editor.dll: compilation was cached, 0 file(s) were found to have changed. Caller PID: 15248
 (0,0): [01/13/2019 06:56:15.043 午前] Assembly-CSharp-Editor.dll: session status updated to IncrementalCompilationStatus.Finished for Caller PID: 15248
 (0,0): [01/13/2019 06:57:36.230 午前] Assembly-CSharp.dll compiling...
 (0,0): [01/13/2019 06:57:36.765 午前] Assembly-CSharp.dll: emitting IL to : F:\UnityProject\WizardDefense\Temp\Assembly-CSharp.dll
 (0,0): [01/13/2019 06:57:36.961 午前] Assembly-CSharp.dll compilation finished in 730ms  source files re-parsed: 6 metadata reloaded: 0
 (0,0): [01/13/2019 06:57:36.973 午前] Assembly-CSharp.dll: compilation was cached, 6 file(s) were found to have changed. Caller PID: 15248
 (0,0): [01/13/2019 06:57:36.987 午前] Assembly-CSharp.dll: session status updated to IncrementalCompilationStatus.Finished for Caller PID: 15248
 (0,0): [01/13/2019 06:57:37.886 午前] Assembly-CSharp-Editor.dll compiling...
 (0,0): [01/13/2019 06:57:37.934 午前] Assembly-CSharp-Editor.dll: emitting IL to : F:\UnityProject\WizardDefense\Temp\Assembly-CSharp-Editor.dll
 (0,0): [01/13/2019 06:57:38.000 午前] Assembly-CSharp-Editor.dll compilation finished in 114ms  source files re-parsed: 0 metadata reloaded: 1
 (0,0): [01/13/2019 06:57:38.012 午前] Assembly-CSharp-Editor.dll: compilation was cached, 0 file(s) were found to have changed. Caller PID: 15248
 (0,0): [01/13/2019 06:57:38.023 午前] Assembly-CSharp-Editor.dll: session status updated to IncrementalCompilationStatus.Finished for Caller PID: 15248
 (0,0): [01/13/2019 07:02:21.837 午前] Assembly-CSharp.dll compiling...
 (0,0): [01/13/2019 07:02:22.300 午前] Assembly-CSharp.dll: emitting IL to : F:\UnityProject\WizardDefense\Temp\Assembly-CSharp.dll
 (0,0): [01/13/2019 07:02:22.461 午前] Assembly-CSharp.dll compilation finished in 623ms  source files re-parsed: 5 metadata reloaded: 0
 (0,0): [01/13/2019 07:02:22.473 午前] Assembly-CSharp.dll: compilation was cached, 5 file(s) were found to have changed. Caller PID: 15248
 (0,0): [01/13/2019 07:02:22.485 午前] Assembly-CSharp.dll: session status updated to IncrementalCompilationStatus.Finished for Caller PID: 15248
 (0,0): [01/13/2019 07:02:23.074 午前] Assembly-CSharp-Editor.dll compiling...
 (0,0): [01/13/2019 07:02:23.117 午前] Assembly-CSharp-Editor.dll: emitting IL to : F:\UnityProject\WizardDefense\Temp\Assembly-CSharp-Editor.dll
 (0,0): [01/13/2019 07:02:23.168 午前] Assembly-CSharp-Editor.dll compilation finished in 93ms  source files re-parsed: 0 metadata reloaded: 1
 (0,0): [01/13/2019 07:02:23.180 午前] Assembly-CSharp-Editor.dll: compilation was cached, 0 file(s) were found to have changed. Caller PID: 15248
 (0,0): [01/13/2019 07:02:23.191 午前] Assembly-CSharp-Editor.dll: session status updated to IncrementalCompilationStatus.Finished for Caller PID: 15248
 (0,0): [01/13/2019 07:03:08.558 午前] Assembly-CSharp.dll compiling...
 (0,0): [01/13/2019 07:03:08.983 午前] Assembly-CSharp.dll: emitting IL to : F:\UnityProject\WizardDefense\Temp\Assembly-CSharp.dll
 (0,0): [01/13/2019 07:03:09.159 午前] Assembly-CSharp.dll compilation finished in 600ms  source files re-parsed: 5 metadata reloaded: 0
 (0,0): [01/13/2019 07:03:09.171 午前] Assembly-CSharp.dll: compilation was cached, 5 file(s) were found to have changed. Caller PID: 15248
 (0,0): [01/13/2019 07:03:09.182 午前] Assembly-CSharp.dll: session status updated to IncrementalCompilationStatus.Finished for Caller PID: 15248
 (0,0): [01/13/2019 07:03:09.808 午前] Assembly-CSharp-Editor.dll compiling...
 (0,0): [01/13/2019 07:03:09.842 午前] Assembly-CSharp-Editor.dll: emitting IL to : F:\UnityProject\WizardDefense\Temp\Assembly-CSharp-Editor.dll
 (0,0): [01/13/2019 07:03:09.899 午前] Assembly-CSharp-Editor.dll compilation finished in 91ms  source files re-parsed: 0 metadata reloaded: 1
 (0,0): [01/13/2019 07:03:09.911 午前] Assembly-CSharp-Editor.dll: compilation was cached, 0 file(s) were found to have changed. Caller PID: 15248
 (0,0): [01/13/2019 07:03:09.923 午前] Assembly-CSharp-Editor.dll: session status updated to IncrementalCompilationStatus.Finished for Caller PID: 15248
 (0,0): [01/13/2019 07:04:05.881 午前] Assembly-CSharp.dll compiling...
 (0,0): [01/13/2019 07:04:06.247 午前] Assembly-CSharp.dll: emitting IL to : F:\UnityProject\WizardDefense\Temp\Assembly-CSharp.dll
 (0,0): [01/13/2019 07:04:06.368 午前] Assembly-CSharp.dll compilation finished in 487ms  source files re-parsed: 5 metadata reloaded: 0
 (0,0): [01/13/2019 07:04:06.380 午前] Assembly-CSharp.dll: compilation was cached, 5 file(s) were found to have changed. Caller PID: 15248
 (0,0): [01/13/2019 07:04:06.391 午前] Assembly-CSharp.dll: session status updated to IncrementalCompilationStatus.Finished for Caller PID: 15248
 (0,0): [01/13/2019 07:04:06.900 午前] Assembly-CSharp-Editor.dll compiling...
 (0,0): [01/13/2019 07:04:06.937 午前] Assembly-CSharp-Editor.dll: emitting IL to : F:\UnityProject\WizardDefense\Temp\Assembly-CSharp-Editor.dll
 (0,0): [01/13/2019 07:04:06.997 午前] Assembly-CSharp-Editor.dll compilation finished in 96ms  source files re-parsed: 0 metadata reloaded: 1
 (0,0): [01/13/2019 07:04:07.009 午前] Assembly-CSharp-Editor.dll: compilation was cached, 0 file(s) were found to have changed. Caller PID: 15248
 (0,0): [01/13/2019 07:04:07.021 午前] Assembly-CSharp-Editor.dll: session status updated to IncrementalCompilationStatus.Finished for Caller PID: 15248
 (0,0): [01/13/2019 07:15:16.114 午前] Assembly-CSharp.dll compiling...
 (0,0): [01/13/2019 07:15:16.562 午前] Assembly-CSharp.dll: emitting IL to : F:\UnityProject\WizardDefense\Temp\Assembly-CSharp.dll
 (0,0): [01/13/2019 07:15:16.777 午前] Assembly-CSharp.dll compilation finished in 663ms  source files re-parsed: 7 metadata reloaded: 0
 (0,0): [01/13/2019 07:15:16.790 午前] Assembly-CSharp.dll: compilation was cached, 7 file(s) were found to have changed. Caller PID: 15248
 (0,0): [01/13/2019 07:15:16.802 午前] Assembly-CSharp.dll: session status updated to IncrementalCompilationStatus.Finished for Caller PID: 15248
 (0,0): [01/13/2019 07:15:17.467 午前] Assembly-CSharp-Editor.dll compiling...
 (0,0): [01/13/2019 07:15:17.522 午前] Assembly-CSharp-Editor.dll: emitting IL to : F:\UnityProject\WizardDefense\Temp\Assembly-CSharp-Editor.dll
 (0,0): [01/13/2019 07:15:17.592 午前] Assembly-CSharp-Editor.dll compilation finished in 124ms  source files re-parsed: 0 metadata reloaded: 1
 (0,0): [01/13/2019 07:15:17.604 午前] Assembly-CSharp-Editor.dll: compilation was cached, 0 file(s) were found to have changed. Caller PID: 15248
 (0,0): [01/13/2019 07:15:17.616 午前] Assembly-CSharp-Editor.dll: session status updated to IncrementalCompilationStatus.Finished for Caller PID: 15248
 (0,0): [01/13/2019 07:21:57.494 午前] Assembly-CSharp.dll compiling...
 (0,0): [01/13/2019 07:21:57.967 午前] Assembly-CSharp.dll: emitting IL to : F:\UnityProject\WizardDefense\Temp\Assembly-CSharp.dll
 (0,0): [01/13/2019 07:21:58.146 午前] Assembly-CSharp.dll compilation finished in 652ms  source files re-parsed: 6 metadata reloaded: 0
 (0,0): [01/13/2019 07:21:58.159 午前] Assembly-CSharp.dll: compilation was cached, 6 file(s) were found to have changed. Caller PID: 15248
 (0,0): [01/13/2019 07:21:58.171 午前] Assembly-CSharp.dll: session status updated to IncrementalCompilationStatus.Finished for Caller PID: 15248
 (0,0): [01/13/2019 07:21:58.914 午前] Assembly-CSharp-Editor.dll compiling...
 (0,0): [01/13/2019 07:21:58.956 午前] Assembly-CSharp-Editor.dll: emitting IL to : F:\UnityProject\WizardDefense\Temp\Assembly-CSharp-Editor.dll
 (0,0): [01/13/2019 07:21:59.018 午前] Assembly-CSharp-Editor.dll compilation finished in 103ms  source files re-parsed: 0 metadata reloaded: 1
 (0,0): [01/13/2019 07:21:59.030 午前] Assembly-CSharp-Editor.dll: compilation was cached, 0 file(s) were found to have changed. Caller PID: 15248
 (0,0): [01/13/2019 07:21:59.042 午前] Assembly-CSharp-Editor.dll: session status updated to IncrementalCompilationStatus.Finished for Caller PID: 15248
 (0,0): [01/13/2019 07:24:49.405 午前] Assembly-CSharp.dll compiling...
 (0,0): [01/13/2019 07:24:49.841 午前] Assembly-CSharp.dll: emitting IL to : F:\UnityProject\WizardDefense\Temp\Assembly-CSharp.dll
 (0,0): [01/13/2019 07:24:49.981 午前] Assembly-CSharp.dll compilation finished in 575ms  source files re-parsed: 6 metadata reloaded: 0
 (0,0): [01/13/2019 07:24:49.993 午前] Assembly-CSharp.dll: compilation was cached, 6 file(s) were found to have changed. Caller PID: 15248
 (0,0): [01/13/2019 07:24:50.005 午前] Assembly-CSharp.dll: session status updated to IncrementalCompilationStatus.Finished for Caller PID: 15248
 (0,0): [01/13/2019 07:24:50.620 午前] Assembly-CSharp-Editor.dll compiling...
 (0,0): [01/13/2019 07:24:50.654 午前] Assembly-CSharp-Editor.dll: emitting IL to : F:\UnityProject\WizardDefense\Temp\Assembly-CSharp-Editor.dll
 (0,0): [01/13/2019 07:24:50.705 午前] Assembly-CSharp-Editor.dll compilation finished in 84ms  source files re-parsed: 0 metadata reloaded: 1
 (0,0): [01/13/2019 07:24:50.717 午前] Assembly-CSharp-Editor.dll: compilation was cached, 0 file(s) were found to have changed. Caller PID: 15248
 (0,0): [01/13/2019 07:24:50.729 午前] Assembly-CSharp-Editor.dll: session status updated to IncrementalCompilationStatus.Finished for Caller PID: 15248
 (0,0): [01/13/2019 07:27:00.455 午前] Assembly-CSharp.dll compiling...
 (0,0): [01/13/2019 07:27:01.059 午前] Assembly-CSharp.dll: emitting IL to : F:\UnityProject\WizardDefense\Temp\Assembly-CSharp.dll
 (0,0): [01/13/2019 07:27:01.313 午前] Assembly-CSharp.dll compilation finished in 858ms  source files re-parsed: 5 metadata reloaded: 0
 (0,0): [01/13/2019 07:27:01.326 午前] Assembly-CSharp.dll: compilation was cached, 5 file(s) were found to have changed. Caller PID: 15248
 (0,0): [01/13/2019 07:27:01.338 午前] Assembly-CSharp.dll: session status updated to IncrementalCompilationStatus.Finished for Caller PID: 15248
 (0,0): [01/13/2019 07:27:01.998 午前] Assembly-CSharp-Editor.dll compiling...
 (0,0): [01/13/2019 07:27:02.043 午前] Assembly-CSharp-Editor.dll: emitting IL to : F:\UnityProject\WizardDefense\Temp\Assembly-CSharp-Editor.dll
 (0,0): [01/13/2019 07:27:02.110 午前] Assembly-CSharp-Editor.dll compilation finished in 112ms  source files re-parsed: 0 metadata reloaded: 1
 (0,0): [01/13/2019 07:27:02.123 午前] Assembly-CSharp-Editor.dll: compilation was cached, 0 file(s) were found to have changed. Caller PID: 15248
 (0,0): [01/13/2019 07:27:02.135 午前] Assembly-CSharp-Editor.dll: session status updated to IncrementalCompilationStatus.Finished for Caller PID: 15248
 (0,0): [01/13/2019 07:31:01.288 午前] Assembly-CSharp.dll compiling...
 (0,0): [01/13/2019 07:31:01.744 午前] Assembly-CSharp.dll: emitting IL to : F:\UnityProject\WizardDefense\Temp\Assembly-CSharp.dll
 (0,0): [01/13/2019 07:31:01.871 午前] Assembly-CSharp.dll compilation finished in 582ms  source files re-parsed: 7 metadata reloaded: 0
 (0,0): [01/13/2019 07:31:01.883 午前] Assembly-CSharp.dll: compilation was cached, 7 file(s) were found to have changed. Caller PID: 15248
 (0,0): [01/13/2019 07:31:01.894 午前] Assembly-CSharp.dll: session status updated to IncrementalCompilationStatus.Finished for Caller PID: 15248
 (0,0): [01/13/2019 07:31:02.602 午前] Assembly-CSharp-Editor.dll compiling...
 (0,0): [01/13/2019 07:31:02.647 午前] Assembly-CSharp-Editor.dll: emitting IL to : F:\UnityProject\WizardDefense\Temp\Assembly-CSharp-Editor.dll
 (0,0): [01/13/2019 07:31:02.708 午前] Assembly-CSharp-Editor.dll compilation finished in 105ms  source files re-parsed: 0 metadata reloaded: 1
 (0,0): [01/13/2019 07:31:02.720 午前] Assembly-CSharp-Editor.dll: compilation was cached, 0 file(s) were found to have changed. Caller PID: 15248
 (0,0): [01/13/2019 07:31:02.731 午前] Assembly-CSharp-Editor.dll: session status updated to IncrementalCompilationStatus.Finished for Caller PID: 15248
 (0,0): [01/13/2019 07:31:30.812 午前] Assembly-CSharp.dll compiling...
 (0,0): [01/13/2019 07:31:31.199 午前] Assembly-CSharp.dll: emitting IL to : F:\UnityProject\WizardDefense\Temp\Assembly-CSharp.dll
 (0,0): [01/13/2019 07:31:31.319 午前] Assembly-CSharp.dll compilation finished in 506ms  source files re-parsed: 5 metadata reloaded: 0
 (0,0): [01/13/2019 07:31:31.330 午前] Assembly-CSharp.dll: compilation was cached, 5 file(s) were found to have changed. Caller PID: 15248
 (0,0): [01/13/2019 07:31:31.341 午前] Assembly-CSharp.dll: session status updated to IncrementalCompilationStatus.Finished for Caller PID: 15248
 (0,0): [01/13/2019 07:31:31.843 午前] Assembly-CSharp-Editor.dll compiling...
 (0,0): [01/13/2019 07:31:31.883 午前] Assembly-CSharp-Editor.dll: emitting IL to : F:\UnityProject\WizardDefense\Temp\Assembly-CSharp-Editor.dll
 (0,0): [01/13/2019 07:31:31.941 午前] Assembly-CSharp-Editor.dll compilation finished in 98ms  source files re-parsed: 0 metadata reloaded: 1
 (0,0): [01/13/2019 07:31:31.953 午前] Assembly-CSharp-Editor.dll: compilation was cached, 0 file(s) were found to have changed. Caller PID: 15248
 (0,0): [01/13/2019 07:31:31.964 午前] Assembly-CSharp-Editor.dll: session status updated to IncrementalCompilationStatus.Finished for Caller PID: 15248
 (0,0): [01/13/2019 07:47:00.054 午前] Assembly-CSharp.dll compiling...
 (0,0): [01/13/2019 07:47:00.215 午前] Assembly-CSharp.dll: emitting IL to : F:\UnityProject\WizardDefense\Temp\Assembly-CSharp.dll
 (0,0): [01/13/2019 07:47:00.229 午前] Assembly-CSharp.dll compilation finished in 175ms  source files re-parsed: 5 metadata reloaded: 0
 (0,0): [01/13/2019 07:47:00.241 午前] Assembly-CSharp.dll: compilation was cached, 5 file(s) were found to have changed. Caller PID: 15248
 (0,0): [01/13/2019 07:47:00.253 午前] Assembly-CSharp.dll: session status updated to IncrementalCompilationStatus.Finished for Caller PID: 15248
 (0,0): [01/13/2019 07:47:37.533 午前] Assembly-CSharp-Editor.dll: no prior compilation found in cache. Caller PID: 15248
 (0,0): [01/13/2019 07:47:37.545 午前] Assembly-CSharp-Editor.dll compiling...
 (0,0): [01/13/2019 07:47:37.582 午前] Assembly-CSharp-Editor.dll: emitting IL to : F:\UnityProject\WizardDefense\Temp\Assembly-CSharp-Editor.dll
 (0,0): [01/13/2019 07:47:37.639 午前] Assembly-CSharp-Editor.dll compilation finished in 94ms  source files re-parsed: 10 metadata reloaded: 0
 (0,0): [01/13/2019 07:47:37.651 午前] Assembly-CSharp-Editor.dll: session status updated to IncrementalCompilationStatus.Finished for Caller PID: 15248
 (0,0): [01/13/2019 07:48:03.218 午前] Assembly-CSharp-Editor.dll compiling...
 (0,0): [01/13/2019 07:48:03.262 午前] Assembly-CSharp-Editor.dll: emitting IL to : F:\UnityProject\WizardDefense\Temp\Assembly-CSharp-Editor.dll
 (0,0): [01/13/2019 07:48:03.313 午前] Assembly-CSharp-Editor.dll compilation finished in 95ms  source files re-parsed: 1 metadata reloaded: 0
 (0,0): [01/13/2019 07:48:03.325 午前] Assembly-CSharp-Editor.dll: compilation was cached, 1 file(s) were found to have changed. Caller PID: 15248
 (0,0): [01/13/2019 07:48:03.337 午前] Assembly-CSharp-Editor.dll: session status updated to IncrementalCompilationStatus.Finished for Caller PID: 15248
 (0,0): [01/13/2019 07:48:14.716 午前] Assembly-CSharp.dll compiling...
 (0,0): [01/13/2019 07:48:15.082 午前] Assembly-CSharp.dll: emitting IL to : F:\UnityProject\WizardDefense\Temp\Assembly-CSharp.dll
 (0,0): [01/13/2019 07:48:15.217 午前] Assembly-CSharp.dll compilation finished in 500ms  source files re-parsed: 1 metadata reloaded: 0
 (0,0): [01/13/2019 07:48:15.229 午前] Assembly-CSharp.dll: compilation was cached, 1 file(s) were found to have changed. Caller PID: 15248
 (0,0): [01/13/2019 07:48:15.241 午前] Assembly-CSharp.dll: session status updated to IncrementalCompilationStatus.Finished for Caller PID: 15248
 (0,0): [01/13/2019 07:48:15.680 午前] Assembly-CSharp-Editor.dll compiling...
 (0,0): [01/13/2019 07:48:15.718 午前] Assembly-CSharp-Editor.dll: emitting IL to : F:\UnityProject\WizardDefense\Temp\Assembly-CSharp-Editor.dll
 (0,0): [01/13/2019 07:48:15.770 午前] Assembly-CSharp-Editor.dll compilation finished in 90ms  source files re-parsed: 0 metadata reloaded: 1
 (0,0): [01/13/2019 07:48:15.782 午前] Assembly-CSharp-Editor.dll: compilation was cached, 0 file(s) were found to have changed. Caller PID: 15248
 (0,0): [01/13/2019 07:48:15.793 午前] Assembly-CSharp-Editor.dll: session status updated to IncrementalCompilationStatus.Finished for Caller PID: 15248
 (0,0): [01/13/2019 07:48:37.801 午前] Assembly-CSharp.dll compiling...
 (0,0): [01/13/2019 07:48:38.012 午前] Assembly-CSharp.dll: emitting IL to : F:\UnityProject\WizardDefense\Temp\Assembly-CSharp.dll
 (0,0): [01/13/2019 07:48:38.025 午前] Assembly-CSharp.dll compilation finished in 224ms  source files re-parsed: 5 metadata reloaded: 0
 (0,0): [01/13/2019 07:48:38.037 午前] Assembly-CSharp.dll: compilation was cached, 5 file(s) were found to have changed. Caller PID: 15248
 (0,0): [01/13/2019 07:48:38.049 午前] Assembly-CSharp.dll: session status updated to IncrementalCompilationStatus.Finished for Caller PID: 15248
 (0,0): [01/13/2019 07:48:52.274 午前] Assembly-CSharp.dll compiling...
 (0,0): [01/13/2019 07:48:52.463 午前] Assembly-CSharp.dll: emitting IL to : F:\UnityProject\WizardDefense\Temp\Assembly-CSharp.dll
 (0,0): [01/13/2019 07:48:52.475 午前] Assembly-CSharp.dll compilation finished in 200ms  source files re-parsed: 1 metadata reloaded: 0
 (0,0): [01/13/2019 07:48:52.487 午前] Assembly-CSharp.dll: compilation was cached, 1 file(s) were found to have changed. Caller PID: 15248
 (0,0): [01/13/2019 07:48:52.499 午前] Assembly-CSharp.dll: session status updated to IncrementalCompilationStatus.Finished for Caller PID: 15248
 (0,0): [01/13/2019 07:50:33.215 午前] Assembly-CSharp.dll compiling...
 (0,0): [01/13/2019 07:50:33.392 午前] Assembly-CSharp.dll: emitting IL to : F:\UnityProject\WizardDefense\Temp\Assembly-CSharp.dll
 (0,0): [01/13/2019 07:50:33.405 午前] Assembly-CSharp.dll compilation finished in 189ms  source files re-parsed: 1 metadata reloaded: 0
 (0,0): [01/13/2019 07:50:33.417 午前] Assembly-CSharp.dll: compilation was cached, 1 file(s) were found to have changed. Caller PID: 15248
 (0,0): [01/13/2019 07:50:33.428 午前] Assembly-CSharp.dll: session status updated to IncrementalCompilationStatus.Finished for Caller PID: 15248
 (0,0): [01/13/2019 07:50:45.701 午前] Assembly-CSharp-Editor.dll compiling...
 (0,0): [01/13/2019 07:50:45.735 午前] Assembly-CSharp-Editor.dll: emitting IL to : F:\UnityProject\WizardDefense\Temp\Assembly-CSharp-Editor.dll
 (0,0): [01/13/2019 07:50:45.747 午前] Assembly-CSharp-Editor.dll compilation finished in 46ms  source files re-parsed: 1 metadata reloaded: 0
 (0,0): [01/13/2019 07:50:45.759 午前] Assembly-CSharp-Editor.dll: compilation was cached, 1 file(s) were found to have changed. Caller PID: 15248
 (0,0): [01/13/2019 07:50:45.770 午前] Assembly-CSharp-Editor.dll: session status updated to IncrementalCompilationStatus.Finished for Caller PID: 15248
 (0,0): [01/13/2019 07:50:57.448 午前] Assembly-CSharp-Editor.dll: no prior compilation found in cache. Caller PID: 15248
 (0,0): [01/13/2019 07:50:57.460 午前] Assembly-CSharp-Editor.dll compiling...
 (0,0): [01/13/2019 07:50:57.490 午前] Assembly-CSharp-Editor.dll: emitting IL to : F:\UnityProject\WizardDefense\Temp\Assembly-CSharp-Editor.dll
 (0,0): [01/13/2019 07:50:57.505 午前] Assembly-CSharp-Editor.dll compilation finished in 44ms  source files re-parsed: 11 metadata reloaded: 0
 (0,0): [01/13/2019 07:50:57.516 午前] Assembly-CSharp-Editor.dll: session status updated to IncrementalCompilationStatus.Finished for Caller PID: 15248
 (0,0): [01/13/2019 07:51:04.737 午前] Assembly-CSharp-Editor.dll compiling...
 (0,0): [01/13/2019 07:51:04.769 午前] Assembly-CSharp-Editor.dll: emitting IL to : F:\UnityProject\WizardDefense\Temp\Assembly-CSharp-Editor.dll
 (0,0): [01/13/2019 07:51:04.781 午前] Assembly-CSharp-Editor.dll compilation finished in 44ms  source files re-parsed: 0 metadata reloaded: 0
 (0,0): [01/13/2019 07:51:04.793 午前] Assembly-CSharp-Editor.dll: compilation was cached, 0 file(s) were found to have changed. Caller PID: 15248
 (0,0): [01/13/2019 07:51:04.804 午前] Assembly-CSharp-Editor.dll: session status updated to IncrementalCompilationStatus.Finished for Caller PID: 15248
 (0,0): [01/13/2019 07:51:29.062 午前] Assembly-CSharp-Editor.dll: no prior compilation found in cache. Caller PID: 15248
 (0,0): [01/13/2019 07:51:29.073 午前] Assembly-CSharp-Editor.dll compiling...
 (0,0): [01/13/2019 07:51:29.108 午前] Assembly-CSharp-Editor.dll: emitting IL to : F:\UnityProject\WizardDefense\Temp\Assembly-CSharp-Editor.dll
 (0,0): [01/13/2019 07:51:29.161 午前] Assembly-CSharp-Editor.dll compilation finished in 88ms  source files re-parsed: 9 metadata reloaded: 0
 (0,0): [01/13/2019 07:51:29.172 午前] Assembly-CSharp-Editor.dll: session status updated to IncrementalCompilationStatus.Finished for Caller PID: 15248
 (0,0): [01/13/2019 07:51:48.956 午前] Assembly-CSharp.dll compiling...
 (0,0): [01/13/2019 07:51:49.353 午前] Assembly-CSharp.dll: emitting IL to : F:\UnityProject\WizardDefense\Temp\Assembly-CSharp.dll
 (0,0): [01/13/2019 07:51:49.511 午前] Assembly-CSharp.dll compilation finished in 555ms  source files re-parsed: 1 metadata reloaded: 0
 (0,0): [01/13/2019 07:51:49.523 午前] Assembly-CSharp.dll: compilation was cached, 1 file(s) were found to have changed. Caller PID: 15248
 (0,0): [01/13/2019 07:51:49.534 午前] Assembly-CSharp.dll: session status updated to IncrementalCompilationStatus.Finished for Caller PID: 15248
 (0,0): [01/13/2019 07:51:50.145 午前] Assembly-CSharp-Editor.dll compiling...
 (0,0): [01/13/2019 07:51:50.204 午前] Assembly-CSharp-Editor.dll: emitting IL to : F:\UnityProject\WizardDefense\Temp\Assembly-CSharp-Editor.dll
 (0,0): [01/13/2019 07:51:50.266 午前] Assembly-CSharp-Editor.dll compilation finished in 120ms  source files re-parsed: 0 metadata reloaded: 1
 (0,0): [01/13/2019 07:51:50.277 午前] Assembly-CSharp-Editor.dll: compilation was cached, 0 file(s) were found to have changed. Caller PID: 15248
 (0,0): [01/13/2019 07:51:50.288 午前] Assembly-CSharp-Editor.dll: session status updated to IncrementalCompilationStatus.Finished for Caller PID: 15248
 (0,0): [01/13/2019 09:50:19.086 午前] Assembly-CSharp.dll compiling...
 (0,0): [01/13/2019 09:50:19.431 午前] Assembly-CSharp.dll: emitting IL to : F:\UnityProject\WizardDefense\Temp\Assembly-CSharp.dll
 (0,0): [01/13/2019 09:50:19.570 午前] Assembly-CSharp.dll compilation finished in 484ms  source files re-parsed: 5 metadata reloaded: 0
 (0,0): [01/13/2019 09:50:19.582 午前] Assembly-CSharp.dll: compilation was cached, 5 file(s) were found to have changed. Caller PID: 15248
 (0,0): [01/13/2019 09:50:19.593 午前] Assembly-CSharp.dll: session status updated to IncrementalCompilationStatus.Finished for Caller PID: 15248
 (0,0): [01/13/2019 09:50:20.154 午前] Assembly-CSharp-Editor.dll compiling...
 (0,0): [01/13/2019 09:50:20.195 午前] Assembly-CSharp-Editor.dll: emitting IL to : F:\UnityProject\WizardDefense\Temp\Assembly-CSharp-Editor.dll
 (0,0): [01/13/2019 09:50:20.247 午前] Assembly-CSharp-Editor.dll compilation finished in 92ms  source files re-parsed: 0 metadata reloaded: 1
 (0,0): [01/13/2019 09:50:20.259 午前] Assembly-CSharp-Editor.dll: compilation was cached, 0 file(s) were found to have changed. Caller PID: 15248
 (0,0): [01/13/2019 09:50:20.271 午前] Assembly-CSharp-Editor.dll: session status updated to IncrementalCompilationStatus.Finished for Caller PID: 15248
 (0,0): [01/13/2019 09:50:40.730 午前] Assembly-CSharp.dll: no prior compilation found in cache. Caller PID: 15248
 (0,0): [01/13/2019 09:50:40.742 午前] Assembly-CSharp.dll compiling...
 (0,0): [01/13/2019 09:50:41.204 午前] Assembly-CSharp.dll: emitting IL to : F:\UnityProject\WizardDefense\Temp\Assembly-CSharp.dll
 (0,0): [01/13/2019 09:50:41.317 午前] Assembly-CSharp.dll compilation finished in 575ms  source files re-parsed: 157 metadata reloaded: 0
 (0,0): [01/13/2019 09:50:41.329 午前] Assembly-CSharp.dll: session status updated to IncrementalCompilationStatus.Finished for Caller PID: 15248
 (0,0): [01/13/2019 09:50:41.820 午前] Assembly-CSharp-Editor.dll compiling...
 (0,0): [01/13/2019 09:50:41.858 午前] Assembly-CSharp-Editor.dll: emitting IL to : F:\UnityProject\WizardDefense\Temp\Assembly-CSharp-Editor.dll
 (0,0): [01/13/2019 09:50:41.910 午前] Assembly-CSharp-Editor.dll compilation finished in 90ms  source files re-parsed: 0 metadata reloaded: 1
 (0,0): [01/13/2019 09:50:41.922 午前] Assembly-CSharp-Editor.dll: compilation was cached, 0 file(s) were found to have changed. Caller PID: 15248
 (0,0): [01/13/2019 09:50:41.933 午前] Assembly-CSharp-Editor.dll: session status updated to IncrementalCompilationStatus.Finished for Caller PID: 15248
 (0,0): [01/13/2019 09:51:43.503 午前] Assembly-CSharp.dll compiling...
 (0,0): [01/13/2019 09:51:43.866 午前] Assembly-CSharp.dll: emitting IL to : F:\UnityProject\WizardDefense\Temp\Assembly-CSharp.dll
 (0,0): [01/13/2019 09:51:43.997 午前] Assembly-CSharp.dll compilation finished in 494ms  source files re-parsed: 5 metadata reloaded: 0
 (0,0): [01/13/2019 09:51:44.009 午前] Assembly-CSharp.dll: compilation was cached, 5 file(s) were found to have changed. Caller PID: 15248
 (0,0): [01/13/2019 09:51:44.020 午前] Assembly-CSharp.dll: session status updated to IncrementalCompilationStatus.Finished for Caller PID: 15248
 (0,0): [01/13/2019 09:51:44.651 午前] Assembly-CSharp-Editor.dll compiling...
 (0,0): [01/13/2019 09:51:44.684 午前] Assembly-CSharp-Editor.dll: emitting IL to : F:\UnityProject\WizardDefense\Temp\Assembly-CSharp-Editor.dll
 (0,0): [01/13/2019 09:51:44.745 午前] Assembly-CSharp-Editor.dll compilation finished in 94ms  source files re-parsed: 0 metadata reloaded: 1
 (0,0): [01/13/2019 09:51:44.757 午前] Assembly-CSharp-Editor.dll: compilation was cached, 0 file(s) were found to have changed. Caller PID: 15248
 (0,0): [01/13/2019 09:51:44.768 午前] Assembly-CSharp-Editor.dll: session status updated to IncrementalCompilationStatus.Finished for Caller PID: 15248
 (0,0): [01/13/2019 09:51:47.830 午前] Assembly-CSharp.dll: no prior compilation found in cache. Caller PID: 15248
 (0,0): [01/13/2019 09:51:47.842 午前] Assembly-CSharp.dll compiling...
 (0,0): [01/13/2019 09:51:48.320 午前] Assembly-CSharp.dll: emitting IL to : F:\UnityProject\WizardDefense\Temp\Assembly-CSharp.dll
 (0,0): [01/13/2019 09:51:48.439 午前] Assembly-CSharp.dll compilation finished in 597ms  source files re-parsed: 156 metadata reloaded: 0
 (0,0): [01/13/2019 09:51:48.451 午前] Assembly-CSharp.dll: session status updated to IncrementalCompilationStatus.Finished for Caller PID: 15248
 (0,0): [01/13/2019 09:52:14.152 午前] Assembly-CSharp-Editor.dll compiling...
 (0,0): [01/13/2019 09:52:14.190 午前] Assembly-CSharp-Editor.dll: emitting IL to : F:\UnityProject\WizardDefense\Temp\Assembly-CSharp-Editor.dll
 (0,0): [01/13/2019 09:52:14.238 午前] Assembly-CSharp-Editor.dll compilation finished in 85ms  source files re-parsed: 0 metadata reloaded: 1
 (0,0): [01/13/2019 09:52:14.250 午前] Assembly-CSharp-Editor.dll: compilation was cached, 0 file(s) were found to have changed. Caller PID: 15248
 (0,0): [01/13/2019 09:52:14.262 午前] Assembly-CSharp-Editor.dll: session status updated to IncrementalCompilationStatus.Finished for Caller PID: 15248
 (0,0): [01/13/2019 09:52:14.698 午前] Assembly-CSharp.dll: no prior compilation found in cache. Caller PID: 15248
 (0,0): [01/13/2019 09:52:14.710 午前] Assembly-CSharp.dll compiling...
 (0,0): [01/13/2019 09:52:15.168 午前] Assembly-CSharp.dll: emitting IL to : F:\UnityProject\WizardDefense\Temp\Assembly-CSharp.dll
 (0,0): [01/13/2019 09:52:15.286 午前] Assembly-CSharp.dll compilation finished in 576ms  source files re-parsed: 157 metadata reloaded: 0
 (0,0): [01/13/2019 09:52:15.297 午前] Assembly-CSharp.dll: session status updated to IncrementalCompilationStatus.Finished for Caller PID: 15248
 (0,0): [01/13/2019 09:52:15.782 午前] Assembly-CSharp-Editor.dll compiling...
 (0,0): [01/13/2019 09:52:15.823 午前] Assembly-CSharp-Editor.dll: emitting IL to : F:\UnityProject\WizardDefense\Temp\Assembly-CSharp-Editor.dll
 (0,0): [01/13/2019 09:52:15.874 午前] Assembly-CSharp-Editor.dll compilation finished in 91ms  source files re-parsed: 0 metadata reloaded: 1
 (0,0): [01/13/2019 09:52:15.885 午前] Assembly-CSharp-Editor.dll: compilation was cached, 0 file(s) were found to have changed. Caller PID: 15248
 (0,0): [01/13/2019 09:52:15.896 午前] Assembly-CSharp-Editor.dll: session status updated to IncrementalCompilationStatus.Finished for Caller PID: 15248
 (0,0): [01/13/2019 09:52:37.436 午前] Assembly-CSharp.dll compiling...
 (0,0): [01/13/2019 09:52:37.918 午前] Assembly-CSharp.dll: emitting IL to : F:\UnityProject\WizardDefense\Temp\Assembly-CSharp.dll
 (0,0): [01/13/2019 09:52:38.088 午前] Assembly-CSharp.dll compilation finished in 651ms  source files re-parsed: 5 metadata reloaded: 0
 (0,0): [01/13/2019 09:52:38.100 午前] Assembly-CSharp.dll: compilation was cached, 5 file(s) were found to have changed. Caller PID: 15248
 (0,0): [01/13/2019 09:52:38.112 午前] Assembly-CSharp.dll: session status updated to IncrementalCompilationStatus.Finished for Caller PID: 15248
 (0,0): [01/13/2019 09:52:38.601 午前] Assembly-CSharp-Editor.dll compiling...
 (0,0): [01/13/2019 09:52:38.651 午前] Assembly-CSharp-Editor.dll: emitting IL to : F:\UnityProject\WizardDefense\Temp\Assembly-CSharp-Editor.dll
 (0,0): [01/13/2019 09:52:38.710 午前] Assembly-CSharp-Editor.dll compilation finished in 108ms  source files re-parsed: 0 metadata reloaded: 1
 (0,0): [01/13/2019 09:52:38.722 午前] Assembly-CSharp-Editor.dll: compilation was cached, 0 file(s) were found to have changed. Caller PID: 15248
 (0,0): [01/13/2019 09:52:38.733 午前] Assembly-CSharp-Editor.dll: session status updated to IncrementalCompilationStatus.Finished for Caller PID: 15248
 (0,0): [01/13/2019 09:52:46.880 午前] Assembly-CSharp.dll: no prior compilation found in cache. Caller PID: 15248
 (0,0): [01/13/2019 09:52:46.892 午前] Assembly-CSharp.dll compiling...
 (0,0): [01/13/2019 09:52:47.365 午前] Assembly-CSharp.dll: emitting IL to : F:\UnityProject\WizardDefense\Temp\Assembly-CSharp.dll
 (0,0): [01/13/2019 09:52:47.483 午前] Assembly-CSharp.dll compilation finished in 591ms  source files re-parsed: 157 metadata reloaded: 0
 (0,0): [01/13/2019 09:52:47.494 午前] Assembly-CSharp.dll: session status updated to IncrementalCompilationStatus.Finished for Caller PID: 15248
 (0,0): [01/13/2019 09:52:47.881 午前] Assembly-CSharp-Editor.dll compiling...
 (0,0): [01/13/2019 09:52:47.917 午前] Assembly-CSharp-Editor.dll: emitting IL to : F:\UnityProject\WizardDefense\Temp\Assembly-CSharp-Editor.dll
 (0,0): [01/13/2019 09:52:47.969 午前] Assembly-CSharp-Editor.dll compilation finished in 88ms  source files re-parsed: 0 metadata reloaded: 1
 (0,0): [01/13/2019 09:52:47.981 午前] Assembly-CSharp-Editor.dll: compilation was cached, 0 file(s) were found to have changed. Caller PID: 15248
 (0,0): [01/13/2019 09:52:47.992 午前] Assembly-CSharp-Editor.dll: session status updated to IncrementalCompilationStatus.Finished for Caller PID: 15248
 (0,0): [01/13/2019 09:54:47.391 午前] Assembly-CSharp.dll compiling...
 (0,0): [01/13/2019 09:54:47.811 午前] Assembly-CSharp.dll: emitting IL to : F:\UnityProject\WizardDefense\Temp\Assembly-CSharp.dll
 (0,0): [01/13/2019 09:54:47.979 午前] Assembly-CSharp.dll compilation finished in 586ms  source files re-parsed: 5 metadata reloaded: 0
 (0,0): [01/13/2019 09:54:47.991 午前] Assembly-CSharp.dll: compilation was cached, 5 file(s) were found to have changed. Caller PID: 15248
 (0,0): [01/13/2019 09:54:48.003 午前] Assembly-CSharp.dll: session status updated to IncrementalCompilationStatus.Finished for Caller PID: 15248
 (0,0): [01/13/2019 09:54:48.574 午前] Assembly-CSharp-Editor.dll compiling...
 (0,0): [01/13/2019 09:54:48.608 午前] Assembly-CSharp-Editor.dll: emitting IL to : F:\UnityProject\WizardDefense\Temp\Assembly-CSharp-Editor.dll
 (0,0): [01/13/2019 09:54:48.663 午前] Assembly-CSharp-Editor.dll compilation finished in 89ms  source files re-parsed: 0 metadata reloaded: 1
 (0,0): [01/13/2019 09:54:48.675 午前] Assembly-CSharp-Editor.dll: compilation was cached, 0 file(s) were found to have changed. Caller PID: 15248
 (0,0): [01/13/2019 09:54:48.686 午前] Assembly-CSharp-Editor.dll: session status updated to IncrementalCompilationStatus.Finished for Caller PID: 15248
 (0,0): [01/13/2019 10:08:44.310 午前] Assembly-CSharp.dll compiling...
 (0,0): [01/13/2019 10:08:44.723 午前] Assembly-CSharp.dll: emitting IL to : F:\UnityProject\WizardDefense\Temp\Assembly-CSharp.dll
 (0,0): [01/13/2019 10:08:44.875 午前] Assembly-CSharp.dll compilation finished in 565ms  source files re-parsed: 7 metadata reloaded: 0
 (0,0): [01/13/2019 10:08:44.887 午前] Assembly-CSharp.dll: compilation was cached, 7 file(s) were found to have changed. Caller PID: 15248
 (0,0): [01/13/2019 10:08:44.898 午前] Assembly-CSharp.dll: session status updated to IncrementalCompilationStatus.Finished for Caller PID: 15248
 (0,0): [01/13/2019 10:08:45.433 午前] Assembly-CSharp-Editor.dll compiling...
 (0,0): [01/13/2019 10:08:45.471 午前] Assembly-CSharp-Editor.dll: emitting IL to : F:\UnityProject\WizardDefense\Temp\Assembly-CSharp-Editor.dll
 (0,0): [01/13/2019 10:08:45.524 午前] Assembly-CSharp-Editor.dll compilation finished in 90ms  source files re-parsed: 0 metadata reloaded: 1
 (0,0): [01/13/2019 10:08:45.535 午前] Assembly-CSharp-Editor.dll: compilation was cached, 0 file(s) were found to have changed. Caller PID: 15248
 (0,0): [01/13/2019 10:08:45.546 午前] Assembly-CSharp-Editor.dll: session status updated to IncrementalCompilationStatus.Finished for Caller PID: 15248
 (0,0): [01/13/2019 10:23:28.695 午前] Assembly-CSharp.dll compiling...
 (0,0): [01/13/2019 10:23:29.076 午前] Assembly-CSharp.dll: emitting IL to : F:\UnityProject\WizardDefense\Temp\Assembly-CSharp.dll
 (0,0): [01/13/2019 10:23:29.218 午前] Assembly-CSharp.dll compilation finished in 522ms  source files re-parsed: 6 metadata reloaded: 0
 (0,0): [01/13/2019 10:23:29.230 午前] Assembly-CSharp.dll: compilation was cached, 6 file(s) were found to have changed. Caller PID: 15248
 (0,0): [01/13/2019 10:23:29.242 午前] Assembly-CSharp.dll: session status updated to IncrementalCompilationStatus.Finished for Caller PID: 15248
 (0,0): [01/13/2019 10:23:29.828 午前] Assembly-CSharp-Editor.dll compiling...
 (0,0): [01/13/2019 10:23:29.871 午前] Assembly-CSharp-Editor.dll: emitting IL to : F:\UnityProject\WizardDefense\Temp\Assembly-CSharp-Editor.dll
 (0,0): [01/13/2019 10:23:29.929 午前] Assembly-CSharp-Editor.dll compilation finished in 101ms  source files re-parsed: 0 metadata reloaded: 1
 (0,0): [01/13/2019 10:23:29.941 午前] Assembly-CSharp-Editor.dll: compilation was cached, 0 file(s) were found to have changed. Caller PID: 15248
 (0,0): [01/13/2019 10:23:29.952 午前] Assembly-CSharp-Editor.dll: session status updated to IncrementalCompilationStatus.Finished for Caller PID: 15248
 (0,0): [01/13/2019 10:52:07.343 午前] Assembly-CSharp.dll compiling...
 (0,0): [01/13/2019 10:52:07.742 午前] Assembly-CSharp.dll: emitting IL to : F:\UnityProject\WizardDefense\Temp\Assembly-CSharp.dll
 (0,0): [01/13/2019 10:52:07.889 午前] Assembly-CSharp.dll compilation finished in 546ms  source files re-parsed: 6 metadata reloaded: 0
 (0,0): [01/13/2019 10:52:07.901 午前] Assembly-CSharp.dll: compilation was cached, 6 file(s) were found to have changed. Caller PID: 15248
 (0,0): [01/13/2019 10:52:07.913 午前] Assembly-CSharp.dll: session status updated to IncrementalCompilationStatus.Finished for Caller PID: 15248
 (0,0): [01/13/2019 10:52:08.388 午前] Assembly-CSharp-Editor.dll compiling...
 (0,0): [01/13/2019 10:52:08.424 午前] Assembly-CSharp-Editor.dll: emitting IL to : F:\UnityProject\WizardDefense\Temp\Assembly-CSharp-Editor.dll
 (0,0): [01/13/2019 10:52:08.472 午前] Assembly-CSharp-Editor.dll compilation finished in 84ms  source files re-parsed: 0 metadata reloaded: 1
 (0,0): [01/13/2019 10:52:08.484 午前] Assembly-CSharp-Editor.dll: compilation was cached, 0 file(s) were found to have changed. Caller PID: 15248
 (0,0): [01/13/2019 10:52:08.495 午前] Assembly-CSharp-Editor.dll: session status updated to IncrementalCompilationStatus.Finished for Caller PID: 15248
 (0,0): [01/13/2019 10:53:43.182 午前] Assembly-CSharp.dll compiling...
 (0,0): [01/13/2019 10:53:43.652 午前] Assembly-CSharp.dll: emitting IL to : F:\UnityProject\WizardDefense\Temp\Assembly-CSharp.dll
 (0,0): [01/13/2019 10:53:43.826 午前] Assembly-CSharp.dll compilation finished in 643ms  source files re-parsed: 5 metadata reloaded: 0
 (0,0): [01/13/2019 10:53:43.838 午前] Assembly-CSharp.dll: compilation was cached, 5 file(s) were found to have changed. Caller PID: 15248
 (0,0): [01/13/2019 10:53:43.850 午前] Assembly-CSharp.dll: session status updated to IncrementalCompilationStatus.Finished for Caller PID: 15248
 (0,0): [01/13/2019 10:53:44.324 午前] Assembly-CSharp-Editor.dll compiling...
 (0,0): [01/13/2019 10:53:44.362 午前] Assembly-CSharp-Editor.dll: emitting IL to : F:\UnityProject\WizardDefense\Temp\Assembly-CSharp-Editor.dll
 (0,0): [01/13/2019 10:53:44.412 午前] Assembly-CSharp-Editor.dll compilation finished in 87ms  source files re-parsed: 0 metadata reloaded: 1
 (0,0): [01/13/2019 10:53:44.424 午前] Assembly-CSharp-Editor.dll: compilation was cached, 0 file(s) were found to have changed. Caller PID: 15248
 (0,0): [01/13/2019 10:53:44.436 午前] Assembly-CSharp-Editor.dll: session status updated to IncrementalCompilationStatus.Finished for Caller PID: 15248
 (0,0): [01/13/2019 10:56:04.544 午前] Compiler cache size is now 19.72 MB
 (0,0): [01/13/2019 11:20:13.235 午前] Assembly-CSharp.dll compiling...
 (0,0): [01/13/2019 11:20:13.623 午前] Assembly-CSharp.dll: emitting IL to : F:\UnityProject\WizardDefense\Temp\Assembly-CSharp.dll
 (0,0): [01/13/2019 11:20:13.762 午前] Assembly-CSharp.dll compilation finished in 527ms  source files re-parsed: 7 metadata reloaded: 0
 (0,0): [01/13/2019 11:20:13.774 午前] Assembly-CSharp.dll: compilation was cached, 7 file(s) were found to have changed. Caller PID: 15248
 (0,0): [01/13/2019 11:20:13.786 午前] Assembly-CSharp.dll: session status updated to IncrementalCompilationStatus.Finished for Caller PID: 15248
 (0,0): [01/13/2019 11:20:14.469 午前] Assembly-CSharp-Editor.dll compiling...
 (0,0): [01/13/2019 11:20:14.535 午前] Assembly-CSharp-Editor.dll: emitting IL to : F:\UnityProject\WizardDefense\Temp\Assembly-CSharp-Editor.dll
 (0,0): [01/13/2019 11:20:14.598 午前] Assembly-CSharp-Editor.dll compilation finished in 128ms  source files re-parsed: 0 metadata reloaded: 1
 (0,0): [01/13/2019 11:20:14.609 午前] Assembly-CSharp-Editor.dll: compilation was cached, 0 file(s) were found to have changed. Caller PID: 15248
 (0,0): [01/13/2019 11:20:14.620 午前] Assembly-CSharp-Editor.dll: session status updated to IncrementalCompilationStatus.Finished for Caller PID: 15248
 (0,0): [01/13/2019 12:10:22.488 午後] Assembly-CSharp.dll compiling...
 (0,0): [01/13/2019 12:10:22.973 午後] Assembly-CSharp.dll: emitting IL to : F:\UnityProject\WizardDefense\Temp\Assembly-CSharp.dll
 (0,0): [01/13/2019 12:10:23.150 午後] Assembly-CSharp.dll compilation finished in 661ms  source files re-parsed: 5 metadata reloaded: 0
 (0,0): [01/13/2019 12:10:23.162 午後] Assembly-CSharp.dll: compilation was cached, 5 file(s) were found to have changed. Caller PID: 15248
 (0,0): [01/13/2019 12:10:23.174 午後] Assembly-CSharp.dll: session status updated to IncrementalCompilationStatus.Finished for Caller PID: 15248
 (0,0): [01/13/2019 12:10:23.886 午後] Assembly-CSharp-Editor.dll compiling...
 (0,0): [01/13/2019 12:10:23.926 午後] Assembly-CSharp-Editor.dll: emitting IL to : F:\UnityProject\WizardDefense\Temp\Assembly-CSharp-Editor.dll
 (0,0): [01/13/2019 12:10:23.981 午後] Assembly-CSharp-Editor.dll compilation finished in 94ms  source files re-parsed: 0 metadata reloaded: 1
 (0,0): [01/13/2019 12:10:23.993 午後] Assembly-CSharp-Editor.dll: compilation was cached, 0 file(s) were found to have changed. Caller PID: 15248
 (0,0): [01/13/2019 12:10:24.004 午後] Assembly-CSharp-Editor.dll: session status updated to IncrementalCompilationStatus.Finished for Caller PID: 15248
 (0,0): [01/13/2019 12:20:07.992 午後] Assembly-CSharp.dll compiling...
 (0,0): [01/13/2019 12:20:08.433 午後] Assembly-CSharp.dll: emitting IL to : F:\UnityProject\WizardDefense\Temp\Assembly-CSharp.dll
 (0,0): [01/13/2019 12:20:08.577 午後] Assembly-CSharp.dll compilation finished in 584ms  source files re-parsed: 5 metadata reloaded: 0
 (0,0): [01/13/2019 12:20:08.589 午後] Assembly-CSharp.dll: compilation was cached, 5 file(s) were found to have changed. Caller PID: 15248
 (0,0): [01/13/2019 12:20:08.600 午後] Assembly-CSharp.dll: session status updated to IncrementalCompilationStatus.Finished for Caller PID: 15248
 (0,0): [01/13/2019 12:20:09.054 午後] Assembly-CSharp-Editor.dll compiling...
 (0,0): [01/13/2019 12:20:09.094 午後] Assembly-CSharp-Editor.dll: emitting IL to : F:\UnityProject\WizardDefense\Temp\Assembly-CSharp-Editor.dll
 (0,0): [01/13/2019 12:20:09.144 午後] Assembly-CSharp-Editor.dll compilation finished in 89ms  source files re-parsed: 0 metadata reloaded: 1
 (0,0): [01/13/2019 12:20:09.155 午後] Assembly-CSharp-Editor.dll: compilation was cached, 0 file(s) were found to have changed. Caller PID: 15248
 (0,0): [01/13/2019 12:20:09.166 午後] Assembly-CSharp-Editor.dll: session status updated to IncrementalCompilationStatus.Finished for Caller PID: 15248
 (0,0): [01/13/2019 02:50:20.578 午後] Assembly-CSharp.dll compiling...
 (0,0): [01/13/2019 02:50:20.994 午後] Assembly-CSharp.dll: emitting IL to : F:\UnityProject\WizardDefense\Temp\Assembly-CSharp.dll
 (0,0): [01/13/2019 02:50:21.156 午後] Assembly-CSharp.dll compilation finished in 578ms  source files re-parsed: 5 metadata reloaded: 0
 (0,0): [01/13/2019 02:50:21.168 午後] Assembly-CSharp.dll: compilation was cached, 5 file(s) were found to have changed. Caller PID: 15248
 (0,0): [01/13/2019 02:50:21.180 午後] Assembly-CSharp.dll: session status updated to IncrementalCompilationStatus.Finished for Caller PID: 15248
 (0,0): [01/13/2019 02:50:22.409 午後] Assembly-CSharp-Editor.dll compiling...
 (0,0): [01/13/2019 02:50:22.450 午後] Assembly-CSharp-Editor.dll: emitting IL to : F:\UnityProject\WizardDefense\Temp\Assembly-CSharp-Editor.dll
 (0,0): [01/13/2019 02:50:22.499 午後] Assembly-CSharp-Editor.dll compilation finished in 89ms  source files re-parsed: 0 metadata reloaded: 1
 (0,0): [01/13/2019 02:50:22.510 午後] Assembly-CSharp-Editor.dll: compilation was cached, 0 file(s) were found to have changed. Caller PID: 15248
 (0,0): [01/13/2019 02:50:22.521 午後] Assembly-CSharp-Editor.dll: session status updated to IncrementalCompilationStatus.Finished for Caller PID: 15248
 (0,0): [01/13/2019 02:55:30.353 午後] Assembly-CSharp.dll compiling...
 (0,0): [01/13/2019 02:55:30.765 午後] Assembly-CSharp.dll: emitting IL to : F:\UnityProject\WizardDefense\Temp\Assembly-CSharp.dll
 (0,0): [01/13/2019 02:55:30.917 午後] Assembly-CSharp.dll compilation finished in 564ms  source files re-parsed: 5 metadata reloaded: 0
 (0,0): [01/13/2019 02:55:30.929 午後] Assembly-CSharp.dll: compilation was cached, 5 file(s) were found to have changed. Caller PID: 15248
 (0,0): [01/13/2019 02:55:30.940 午後] Assembly-CSharp.dll: session status updated to IncrementalCompilationStatus.Finished for Caller PID: 15248
 (0,0): [01/13/2019 02:55:31.559 午後] Assembly-CSharp-Editor.dll compiling...
 (0,0): [01/13/2019 02:55:31.607 午後] Assembly-CSharp-Editor.dll: emitting IL to : F:\UnityProject\WizardDefense\Temp\Assembly-CSharp-Editor.dll
 (0,0): [01/13/2019 02:55:31.662 午後] Assembly-CSharp-Editor.dll compilation finished in 103ms  source files re-parsed: 0 metadata reloaded: 1
 (0,0): [01/13/2019 02:55:31.674 午後] Assembly-CSharp-Editor.dll: compilation was cached, 0 file(s) were found to have changed. Caller PID: 15248
 (0,0): [01/13/2019 02:55:31.685 午後] Assembly-CSharp-Editor.dll: session status updated to IncrementalCompilationStatus.Finished for Caller PID: 15248
 (0,0): [01/13/2019 03:17:29.691 午後] Assembly-CSharp.dll compiling...
 (0,0): [01/13/2019 03:17:30.117 午後] Assembly-CSharp.dll: emitting IL to : F:\UnityProject\WizardDefense\Temp\Assembly-CSharp.dll
 (0,0): [01/13/2019 03:17:30.260 午後] Assembly-CSharp.dll compilation finished in 568ms  source files re-parsed: 5 metadata reloaded: 0
 (0,0): [01/13/2019 03:17:30.273 午後] Assembly-CSharp.dll: compilation was cached, 5 file(s) were found to have changed. Caller PID: 15248
 (0,0): [01/13/2019 03:17:30.285 午後] Assembly-CSharp.dll: session status updated to IncrementalCompilationStatus.Finished for Caller PID: 15248
 (0,0): [01/13/2019 03:17:30.935 午後] Assembly-CSharp-Editor.dll compiling...
 (0,0): [01/13/2019 03:17:30.973 午後] Assembly-CSharp-Editor.dll: emitting IL to : F:\UnityProject\WizardDefense\Temp\Assembly-CSharp-Editor.dll
 (0,0): [01/13/2019 03:17:31.036 午後] Assembly-CSharp-Editor.dll compilation finished in 100ms  source files re-parsed: 0 metadata reloaded: 1
 (0,0): [01/13/2019 03:17:31.048 午後] Assembly-CSharp-Editor.dll: compilation was cached, 0 file(s) were found to have changed. Caller PID: 15248
 (0,0): [01/13/2019 03:17:31.060 午後] Assembly-CSharp-Editor.dll: session status updated to IncrementalCompilationStatus.Finished for Caller PID: 15248
 (0,0): [01/13/2019 03:17:51.240 午後] Assembly-CSharp.dll compiling...
 (0,0): [01/13/2019 03:17:51.641 午後] Assembly-CSharp.dll: emitting IL to : F:\UnityProject\WizardDefense\Temp\Assembly-CSharp.dll
 (0,0): [01/13/2019 03:17:51.768 午後] Assembly-CSharp.dll compilation finished in 528ms  source files re-parsed: 5 metadata reloaded: 0
 (0,0): [01/13/2019 03:17:51.780 午後] Assembly-CSharp.dll: compilation was cached, 5 file(s) were found to have changed. Caller PID: 15248
 (0,0): [01/13/2019 03:17:51.791 午後] Assembly-CSharp.dll: session status updated to IncrementalCompilationStatus.Finished for Caller PID: 15248
 (0,0): [01/13/2019 03:17:52.472 午後] Assembly-CSharp-Editor.dll compiling...
 (0,0): [01/13/2019 03:17:52.506 午後] Assembly-CSharp-Editor.dll: emitting IL to : F:\UnityProject\WizardDefense\Temp\Assembly-CSharp-Editor.dll
 (0,0): [01/13/2019 03:17:52.563 午後] Assembly-CSharp-Editor.dll compilation finished in 91ms  source files re-parsed: 0 metadata reloaded: 1
 (0,0): [01/13/2019 03:17:52.575 午後] Assembly-CSharp-Editor.dll: compilation was cached, 0 file(s) were found to have changed. Caller PID: 15248
 (0,0): [01/13/2019 03:17:52.586 午後] Assembly-CSharp-Editor.dll: session status updated to IncrementalCompilationStatus.Finished for Caller PID: 15248
 (0,0): [01/13/2019 04:46:51.076 午後] Assembly-CSharp.dll compiling...
 (0,0): [01/13/2019 04:46:51.543 午後] Assembly-CSharp.dll: emitting IL to : F:\UnityProject\WizardDefense\Temp\Assembly-CSharp.dll
 (0,0): [01/13/2019 04:46:51.744 午後] Assembly-CSharp.dll compilation finished in 667ms  source files re-parsed: 6 metadata reloaded: 0
 (0,0): [01/13/2019 04:46:51.756 午後] Assembly-CSharp.dll: compilation was cached, 6 file(s) were found to have changed. Caller PID: 15248
 (0,0): [01/13/2019 04:46:51.767 午後] Assembly-CSharp.dll: session status updated to IncrementalCompilationStatus.Finished for Caller PID: 15248
 (0,0): [01/13/2019 04:46:52.312 午後] Assembly-CSharp-Editor.dll compiling...
 (0,0): [01/13/2019 04:46:52.354 午後] Assembly-CSharp-Editor.dll: emitting IL to : F:\UnityProject\WizardDefense\Temp\Assembly-CSharp-Editor.dll
 (0,0): [01/13/2019 04:46:52.418 午後] Assembly-CSharp-Editor.dll compilation finished in 106ms  source files re-parsed: 0 metadata reloaded: 1
 (0,0): [01/13/2019 04:46:52.430 午後] Assembly-CSharp-Editor.dll: compilation was cached, 0 file(s) were found to have changed. Caller PID: 15248
 (0,0): [01/13/2019 04:46:52.441 午後] Assembly-CSharp-Editor.dll: session status updated to IncrementalCompilationStatus.Finished for Caller PID: 15248
 (0,0): [01/13/2019 04:47:41.924 午後] Assembly-CSharp.dll compiling...
 (0,0): [01/13/2019 04:47:42.307 午後] Assembly-CSharp.dll: emitting IL to : F:\UnityProject\WizardDefense\Temp\Assembly-CSharp.dll
 (0,0): [01/13/2019 04:47:42.431 午後] Assembly-CSharp.dll compilation finished in 507ms  source files re-parsed: 5 metadata reloaded: 0
 (0,0): [01/13/2019 04:47:42.443 午後] Assembly-CSharp.dll: compilation was cached, 5 file(s) were found to have changed. Caller PID: 15248
 (0,0): [01/13/2019 04:47:42.455 午後] Assembly-CSharp.dll: session status updated to IncrementalCompilationStatus.Finished for Caller PID: 15248
 (0,0): [01/13/2019 04:47:42.979 午後] Assembly-CSharp-Editor.dll compiling...
 (0,0): [01/13/2019 04:47:43.016 午後] Assembly-CSharp-Editor.dll: emitting IL to : F:\UnityProject\WizardDefense\Temp\Assembly-CSharp-Editor.dll
 (0,0): [01/13/2019 04:47:43.066 午後] Assembly-CSharp-Editor.dll compilation finished in 87ms  source files re-parsed: 0 metadata reloaded: 1
 (0,0): [01/13/2019 04:47:43.078 午後] Assembly-CSharp-Editor.dll: compilation was cached, 0 file(s) were found to have changed. Caller PID: 15248
 (0,0): [01/13/2019 04:47:43.089 午後] Assembly-CSharp-Editor.dll: session status updated to IncrementalCompilationStatus.Finished for Caller PID: 15248
